Mono path[0] = 'D:/Unity Hub Projects AI ML/ma-unity/builds/drone2D_simpleGrass/ultron_yolo-unity_Data/Managed'
Mono config path = 'D:/Unity Hub Projects AI ML/ma-unity/builds/drone2D_simpleGrass/MonoBleedingEdge/etc'
PlayerConnection initialized from D:/Unity Hub Projects AI ML/ma-unity/builds/drone2D_simpleGrass/ultron_yolo-unity_Data (debug = 0)
PlayerConnection initialized network socket : 0.0.0.0 55288
Multi-casting "[IP] 160.85.232.77 [Port] 55288 [Flags] 2 [Guid] 1627952758 [EditorId] 3146932625 [Version] 1048832 [Id] WindowsPlayer(DESKTOP-D5Q2KVG) [Debug] 0 [PackageName] WindowsPlayer [ProjectName] ultron_yolo-unity" to [225.0.0.222:54997]...
Started listening to [0.0.0.0:55288]
PlayerConnection already initialized - listening to [0.0.0.0:55288]
Initialize engine version: 2021.1.6f1 (d6fd741ee4c5)
[Subsystems] Discovering subsystems at path D:/Unity Hub Projects AI ML/ma-unity/builds/drone2D_simpleGrass/ultron_yolo-unity_Data/UnitySubsystems
GfxDevice: creating device client; threaded=1; jobified=1
Direct3D:
    Version:  Direct3D 11.0 [level 11.1]
    Renderer: NVIDIA GeForce GTX 1080 (ID=0x1b80)
    Vendor:   NVIDIA
    VRAM:     3072 MB
    Driver:   27.21.14.5206
Begin MonoManager ReloadAssembly
Symbol file data-1775F130 doesn't match image D:\Unity Hub Projects AI ML\ma-unity\builds\drone2D_simpleGrass\ultron_yolo-unity_Data\Managed\UnityEngine.dll
Symbol file LoadedFromMemory is not a mono symbol file
Symbol file data-17795560 doesn't match image D:\Unity Hub Projects AI ML\ma-unity\builds\drone2D_simpleGrass\ultron_yolo-unity_Data\Managed\UnityEngine.AIModule.dll
Symbol file LoadedFromMemory is not a mono symbol file
Symbol file data-1775F130 doesn't match image D:\Unity Hub Projects AI ML\ma-unity\builds\drone2D_simpleGrass\ultron_yolo-unity_Data\Managed\UnityEngine.ARModule.dll
Symbol file LoadedFromMemory is not a mono symbol file
Symbol file data-1779CF78 doesn't match image D:\Unity Hub Projects AI ML\ma-unity\builds\drone2D_simpleGrass\ultron_yolo-unity_Data\Managed\UnityEngine.AccessibilityModule.dll
Symbol file LoadedFromMemory is not a mono symbol file
Symbol file data-177ABD80 doesn't match image D:\Unity Hub Projects AI ML\ma-unity\builds\drone2D_simpleGrass\ultron_yolo-unity_Data\Managed\UnityEngine.AndroidJNIModule.dll
Symbol file LoadedFromMemory is not a mono symbol file
Symbol file data-177D0988 doesn't match image D:\Unity Hub Projects AI ML\ma-unity\builds\drone2D_simpleGrass\ultron_yolo-unity_Data\Managed\UnityEngine.AnimationModule.dll
Symbol file LoadedFromMemory is not a mono symbol file
Symbol file data-1775F130 doesn't match image D:\Unity Hub Projects AI ML\ma-unity\builds\drone2D_simpleGrass\ultron_yolo-unity_Data\Managed\UnityEngine.AssetBundleModule.dll
Symbol file LoadedFromMemory is not a mono symbol file
Symbol file data-177E47A0 doesn't match image D:\Unity Hub Projects AI ML\ma-unity\builds\drone2D_simpleGrass\ultron_yolo-unity_Data\Managed\UnityEngine.AudioModule.dll
Symbol file LoadedFromMemory is not a mono symbol file
Symbol file data-1775F130 doesn't match image D:\Unity Hub Projects AI ML\ma-unity\builds\drone2D_simpleGrass\ultron_yolo-unity_Data\Managed\UnityEngine.ClothModule.dll
Symbol file LoadedFromMemory is not a mono symbol file
Symbol file data-17758648 doesn't match image D:\Unity Hub Projects AI ML\ma-unity\builds\drone2D_simpleGrass\ultron_yolo-unity_Data\Managed\UnityEngine.ClusterInputModule.dll
Symbol file LoadedFromMemory is not a mono symbol file
Symbol file data-177699E0 doesn't match image D:\Unity Hub Projects AI ML\ma-unity\builds\drone2D_simpleGrass\ultron_yolo-unity_Data\Managed\UnityEngine.ClusterRendererModule.dll
Symbol file LoadedFromMemory is not a mono symbol file
Symbol file data-177EF9C0 doesn't match image D:\Unity Hub Projects AI ML\ma-unity\builds\drone2D_simpleGrass\ultron_yolo-unity_Data\Managed\UnityEngine.CoreModule.dll
Symbol file LoadedFromMemory is not a mono symbol file
Symbol file data-177F3A50 doesn't match image D:\Unity Hub Projects AI ML\ma-unity\builds\drone2D_simpleGrass\ultron_yolo-unity_Data\Managed\UnityEngine.CrashReportingModule.dll
Symbol file LoadedFromMemory is not a mono symbol file
Symbol file data-177FC9E0 doesn't match image D:\Unity Hub Projects AI ML\ma-unity\builds\drone2D_simpleGrass\ultron_yolo-unity_Data\Managed\UnityEngine.DSPGraphModule.dll
Symbol file LoadedFromMemory is not a mono symbol file
Symbol file data-177FC9E0 doesn't match image D:\Unity Hub Projects AI ML\ma-unity\builds\drone2D_simpleGrass\ultron_yolo-unity_Data\Managed\UnityEngine.DirectorModule.dll
Symbol file LoadedFromMemory is not a mono symbol file
Symbol file data-1089E538 doesn't match image D:\Unity Hub Projects AI ML\ma-unity\builds\drone2D_simpleGrass\ultron_yolo-unity_Data\Managed\UnityEngine.GIModule.dll
Symbol file LoadedFromMemory is not a mono symbol file
Symbol file data-17812BA8 doesn't match image D:\Unity Hub Projects AI ML\ma-unity\builds\drone2D_simpleGrass\ultron_yolo-unity_Data\Managed\UnityEngine.GameCenterModule.dll
Symbol file LoadedFromMemory is not a mono symbol file
Symbol file data-177FC9E0 doesn't match image D:\Unity Hub Projects AI ML\ma-unity\builds\drone2D_simpleGrass\ultron_yolo-unity_Data\Managed\UnityEngine.GridModule.dll
Symbol file LoadedFromMemory is not a mono symbol file
Symbol file data-1089E538 doesn't match image D:\Unity Hub Projects AI ML\ma-unity\builds\drone2D_simpleGrass\ultron_yolo-unity_Data\Managed\UnityEngine.HotReloadModule.dll
Symbol file LoadedFromMemory is not a mono symbol file
Symbol file data-178407C8 doesn't match image D:\Unity Hub Projects AI ML\ma-unity\builds\drone2D_simpleGrass\ultron_yolo-unity_Data\Managed\UnityEngine.IMGUIModule.dll
Symbol file LoadedFromMemory is not a mono symbol file
Symbol file data-177FC9E0 doesn't match image D:\Unity Hub Projects AI ML\ma-unity\builds\drone2D_simpleGrass\ultron_yolo-unity_Data\Managed\UnityEngine.ImageConversionModule.dll
Symbol file LoadedFromMemory is not a mono symbol file
Symbol file data-17846DD8 doesn't match image D:\Unity Hub Projects AI ML\ma-unity\builds\drone2D_simpleGrass\ultron_yolo-unity_Data\Managed\UnityEngine.InputModule.dll
Symbol file LoadedFromMemory is not a mono symbol file
Symbol file data-1784D3E0 doesn't match image D:\Unity Hub Projects AI ML\ma-unity\builds\drone2D_simpleGrass\ultron_yolo-unity_Data\Managed\UnityEngine.InputLegacyModule.dll
Symbol file LoadedFromMemory is not a mono symbol file
Symbol file data-17853698 doesn't match image D:\Unity Hub Projects AI ML\ma-unity\builds\drone2D_simpleGrass\ultron_yolo-unity_Data\Managed\UnityEngine.JSONSerializeModule.dll
Symbol file LoadedFromMemory is not a mono symbol file
Symbol file data-17855EA0 doesn't match image D:\Unity Hub Projects AI ML\ma-unity\builds\drone2D_simpleGrass\ultron_yolo-unity_Data\Managed\UnityEngine.LocalizationModule.dll
Symbol file LoadedFromMemory is not a mono symbol file
Symbol file data-17878CA8 doesn't match image D:\Unity Hub Projects AI ML\ma-unity\builds\drone2D_simpleGrass\ultron_yolo-unity_Data\Managed\UnityEngine.ParticleSystemModule.dll
Symbol file LoadedFromMemory is not a mono symbol file
Symbol file data-17672158 doesn't match image D:\Unity Hub Projects AI ML\ma-unity\builds\drone2D_simpleGrass\ultron_yolo-unity_Data\Managed\UnityEngine.PerformanceReportingModule.dll
Symbol file LoadedFromMemory is not a mono symbol file
Symbol file data-178930B8 doesn't match image D:\Unity Hub Projects AI ML\ma-unity\builds\drone2D_simpleGrass\ultron_yolo-unity_Data\Managed\UnityEngine.PhysicsModule.dll
Symbol file LoadedFromMemory is not a mono symbol file
Symbol file data-178AD2C0 doesn't match image D:\Unity Hub Projects AI ML\ma-unity\builds\drone2D_simpleGrass\ultron_yolo-unity_Data\Managed\UnityEngine.Physics2DModule.dll
Symbol file LoadedFromMemory is not a mono symbol file
Symbol file data-1089E600 doesn't match image D:\Unity Hub Projects AI ML\ma-unity\builds\drone2D_simpleGrass\ultron_yolo-unity_Data\Managed\UnityEngine.ProfilerModule.dll
Symbol file LoadedFromMemory is not a mono symbol file
Symbol file data-1089E538 doesn't match image D:\Unity Hub Projects AI ML\ma-unity\builds\drone2D_simpleGrass\ultron_yolo-unity_Data\Managed\UnityEngine.RuntimeInitializeOnLoadManagerInitializerModule.dll
Symbol file LoadedFromMemory is not a mono symbol file
Symbol file data-1784E3E8 doesn't match image D:\Unity Hub Projects AI ML\ma-unity\builds\drone2D_simpleGrass\ultron_yolo-unity_Data\Managed\UnityEngine.ScreenCaptureModule.dll
Symbol file LoadedFromMemory is not a mono symbol file
Symbol file data-178BC6F0 doesn't match image D:\Unity Hub Projects AI ML\ma-unity\builds\drone2D_simpleGrass\ultron_yolo-unity_Data\Managed\UnityEngine.SharedInternalsModule.dll
Symbol file LoadedFromMemory is not a mono symbol file
Symbol file data-109746E8 doesn't match image D:\Unity Hub Projects AI ML\ma-unity\builds\drone2D_simpleGrass\ultron_yolo-unity_Data\Managed\UnityEngine.SpriteMaskModule.dll
Symbol file LoadedFromMemory is not a mono symbol file
Symbol file data-1784E3E8 doesn't match image D:\Unity Hub Projects AI ML\ma-unity\builds\drone2D_simpleGrass\ultron_yolo-unity_Data\Managed\UnityEngine.SpriteShapeModule.dll
Symbol file LoadedFromMemory is not a mono symbol file
Symbol file data-1775DA78 doesn't match image D:\Unity Hub Projects AI ML\ma-unity\builds\drone2D_simpleGrass\ultron_yolo-unity_Data\Managed\UnityEngine.StreamingModule.dll
Symbol file LoadedFromMemory is not a mono symbol file
Symbol file data-178BC6F0 doesn't match image D:\Unity Hub Projects AI ML\ma-unity\builds\drone2D_simpleGrass\ultron_yolo-unity_Data\Managed\UnityEngine.SubstanceModule.dll
Symbol file LoadedFromMemory is not a mono symbol file
Symbol file data-178D1968 doesn't match image D:\Unity Hub Projects AI ML\ma-unity\builds\drone2D_simpleGrass\ultron_yolo-unity_Data\Managed\UnityEngine.SubsystemsModule.dll
Symbol file LoadedFromMemory is not a mono symbol file
Symbol file data-1089E790 doesn't match image D:\Unity Hub Projects AI ML\ma-unity\builds\drone2D_simpleGrass\ultron_yolo-unity_Data\Managed\UnityEngine.TLSModule.dll
Symbol file LoadedFromMemory is not a mono symbol file
Symbol file data-178E8D80 doesn't match image D:\Unity Hub Projects AI ML\ma-unity\builds\drone2D_simpleGrass\ultron_yolo-unity_Data\Managed\UnityEngine.TerrainModule.dll
Symbol file LoadedFromMemory is not a mono symbol file
Symbol file data-1784E7F0 doesn't match image D:\Unity Hub Projects AI ML\ma-unity\builds\drone2D_simpleGrass\ultron_yolo-unity_Data\Managed\UnityEngine.TerrainPhysicsModule.dll
Symbol file LoadedFromMemory is not a mono symbol file
Symbol file data-18EBDC50 doesn't match image D:\Unity Hub Projects AI ML\ma-unity\builds\drone2D_simpleGrass\ultron_yolo-unity_Data\Managed\UnityEngine.TextCoreModule.dll
Symbol file LoadedFromMemory is not a mono symbol file
Symbol file data-18EC4A58 doesn't match image D:\Unity Hub Projects AI ML\ma-unity\builds\drone2D_simpleGrass\ultron_yolo-unity_Data\Managed\UnityEngine.TextRenderingModule.dll
Symbol file LoadedFromMemory is not a mono symbol file
Symbol file data-18ECB260 doesn't match image D:\Unity Hub Projects AI ML\ma-unity\builds\drone2D_simpleGrass\ultron_yolo-unity_Data\Managed\UnityEngine.TilemapModule.dll
Symbol file LoadedFromMemory is not a mono symbol file
Symbol file data-18ECB260 doesn't match image D:\Unity Hub Projects AI ML\ma-unity\builds\drone2D_simpleGrass\ultron_yolo-unity_Data\Managed\UnityEngine.UIModule.dll
Symbol file LoadedFromMemory is not a mono symbol file
Symbol file data-18ED6B08 doesn't match image D:\Unity Hub Projects AI ML\ma-unity\builds\drone2D_simpleGrass\ultron_yolo-unity_Data\Managed\UnityEngine.UIElementsModule.dll
Symbol file LoadedFromMemory is not a mono symbol file
Symbol file data-18EE4518 doesn't match image D:\Unity Hub Projects AI ML\ma-unity\builds\drone2D_simpleGrass\ultron_yolo-unity_Data\Managed\UnityEngine.UIElementsNativeModule.dll
Symbol file LoadedFromMemory is not a mono symbol file
Symbol file data-18EF7920 doesn't match image D:\Unity Hub Projects AI ML\ma-unity\builds\drone2D_simpleGrass\ultron_yolo-unity_Data\Managed\UnityEngine.UNETModule.dll
Symbol file LoadedFromMemory is not a mono symbol file
Symbol file data-1089EE98 doesn't match image D:\Unity Hub Projects AI ML\ma-unity\builds\drone2D_simpleGrass\ultron_yolo-unity_Data\Managed\UnityEngine.UmbraModule.dll
Symbol file LoadedFromMemory is not a mono symbol file
Symbol file data-18F04138 doesn't match image D:\Unity Hub Projects AI ML\ma-unity\builds\drone2D_simpleGrass\ultron_yolo-unity_Data\Managed\UnityEngine.UnityAnalyticsModule.dll
Symbol file LoadedFromMemory is not a mono symbol file
Symbol file data-178EDD90 doesn't match image D:\Unity Hub Projects AI ML\ma-unity\builds\drone2D_simpleGrass\ultron_yolo-unity_Data\Managed\UnityEngine.UnityConnectModule.dll
Symbol file LoadedFromMemory is not a mono symbol file
Symbol file data-1784E7F0 doesn't match image D:\Unity Hub Projects AI ML\ma-unity\builds\drone2D_simpleGrass\ultron_yolo-unity_Data\Managed\UnityEngine.UnityCurlModule.dll
Symbol file LoadedFromMemory is not a mono symbol file
Symbol file data-1089E600 doesn't match image D:\Unity Hub Projects AI ML\ma-unity\builds\drone2D_simpleGrass\ultron_yolo-unity_Data\Managed\UnityEngine.UnityTestProtocolModule.dll
Symbol file LoadedFromMemory is not a mono symbol file
Symbol file data-18F19768 doesn't match image D:\Unity Hub Projects AI ML\ma-unity\builds\drone2D_simpleGrass\ultron_yolo-unity_Data\Managed\UnityEngine.UnityWebRequestModule.dll
Symbol file LoadedFromMemory is not a mono symbol file
Symbol file data-18ECC268 doesn't match image D:\Unity Hub Projects AI ML\ma-unity\builds\drone2D_simpleGrass\ultron_yolo-unity_Data\Managed\UnityEngine.UnityWebRequestAssetBundleModule.dll
Symbol file LoadedFromMemory is not a mono symbol file
Symbol file data-18ECC268 doesn't match image D:\Unity Hub Projects AI ML\ma-unity\builds\drone2D_simpleGrass\ultron_yolo-unity_Data\Managed\UnityEngine.UnityWebRequestAudioModule.dll
Symbol file LoadedFromMemory is not a mono symbol file
Symbol file data-18ECC268 doesn't match image D:\Unity Hub Projects AI ML\ma-unity\builds\drone2D_simpleGrass\ultron_yolo-unity_Data\Managed\UnityEngine.UnityWebRequestTextureModule.dll
Symbol file LoadedFromMemory is not a mono symbol file
Symbol file data-18F27188 doesn't match image D:\Unity Hub Projects AI ML\ma-unity\builds\drone2D_simpleGrass\ultron_yolo-unity_Data\Managed\UnityEngine.UnityWebRequestWWWModule.dll
Symbol file LoadedFromMemory is not a mono symbol file
Symbol file data-18F34440 doesn't match image D:\Unity Hub Projects AI ML\ma-unity\builds\drone2D_simpleGrass\ultron_yolo-unity_Data\Managed\UnityEngine.VFXModule.dll
Symbol file LoadedFromMemory is not a mono symbol file
Symbol file data-18ECC268 doesn't match image D:\Unity Hub Projects AI ML\ma-unity\builds\drone2D_simpleGrass\ultron_yolo-unity_Data\Managed\UnityEngine.VRModule.dll
Symbol file LoadedFromMemory is not a mono symbol file
Symbol file data-18ECC268 doesn't match image D:\Unity Hub Projects AI ML\ma-unity\builds\drone2D_simpleGrass\ultron_yolo-unity_Data\Managed\UnityEngine.VehiclesModule.dll
Symbol file LoadedFromMemory is not a mono symbol file
Symbol file data-18F42858 doesn't match image D:\Unity Hub Projects AI ML\ma-unity\builds\drone2D_simpleGrass\ultron_yolo-unity_Data\Managed\UnityEngine.VideoModule.dll
Symbol file LoadedFromMemory is not a mono symbol file
Symbol file data-178F8938 doesn't match image D:\Unity Hub Projects AI ML\ma-unity\builds\drone2D_simpleGrass\ultron_yolo-unity_Data\Managed\UnityEngine.VirtualTexturingModule.dll
Symbol file LoadedFromMemory is not a mono symbol file
Symbol file data-1775DA78 doesn't match image D:\Unity Hub Projects AI ML\ma-unity\builds\drone2D_simpleGrass\ultron_yolo-unity_Data\Managed\UnityEngine.WindModule.dll
Symbol file LoadedFromMemory is not a mono symbol file
Symbol file data-18F56E70 doesn't match image D:\Unity Hub Projects AI ML\ma-unity\builds\drone2D_simpleGrass\ultron_yolo-unity_Data\Managed\UnityEngine.XRModule.dll
Symbol file LoadedFromMemory is not a mono symbol file
- Completed reload, in  0.073 seconds
D3D11 device created for Microsoft Media Foundation video decoding.
<RI> Initializing input.
<RI> Input initialized.
<RI> Initialized touch support.
UnloadTime: 0.538100 ms
Fallback handler could not load library D:/Unity Hub Projects AI ML/ma-unity/builds/drone2D_simpleGrass/ultron_yolo-unity_Data/Mono/libcoreclr.so
Fallback handler could not load library D:/Unity Hub Projects AI ML/ma-unity/builds/drone2D_simpleGrass/ultron_yolo-unity_Data/Mono/libcoreclr.so.dll
Fallback handler could not load library D:/Unity Hub Projects AI ML/ma-unity/builds/drone2D_simpleGrass/ultron_yolo-unity_Data/Mono/libcoreclr.so
Fallback handler could not load library D:/Unity Hub Projects AI ML/ma-unity/builds/drone2D_simpleGrass/ultron_yolo-unity_Data/Mono/libdl.so
Fallback handler could not load library D:/Unity Hub Projects AI ML/ma-unity/builds/drone2D_simpleGrass/ultron_yolo-unity_Data/Mono/libdl.so.dll
Fallback handler could not load library D:/Unity Hub Projects AI ML/ma-unity/builds/drone2D_simpleGrass/ultron_yolo-unity_Data/Mono/libdl.so
Fallback handler could not load library D:/Unity Hub Projects AI ML/ma-unity/builds/drone2D_simpleGrass/ultron_yolo-unity_Data/Mono/libSystem.dylib
Fallback handler could not load library D:/Unity Hub Projects AI ML/ma-unity/builds/drone2D_simpleGrass/ultron_yolo-unity_Data/Mono/libSystem.dylib.dll
Fallback handler could not load library D:/Unity Hub Projects AI ML/ma-unity/builds/drone2D_simpleGrass/ultron_yolo-unity_Data/Mono/libSystem.dylib
Fallback handler could not load library D:/Unity Hub Projects AI ML/ma-unity/builds/drone2D_simpleGrass/ultron_yolo-unity_Data/Mono/libcoreclr.so
Fallback handler could not load library D:/Unity Hub Projects AI ML/ma-unity/builds/drone2D_simpleGrass/ultron_yolo-unity_Data/Mono/libcoreclr.so.dll
Fallback handler could not load library D:/Unity Hub Projects AI ML/ma-unity/builds/drone2D_simpleGrass/ultron_yolo-unity_Data/Mono/libcoreclr.so
Fallback handler could not load library D:/Unity Hub Projects AI ML/ma-unity/builds/drone2D_simpleGrass/ultron_yolo-unity_Data/Mono/libdl.so
Fallback handler could not load library D:/Unity Hub Projects AI ML/ma-unity/builds/drone2D_simpleGrass/ultron_yolo-unity_Data/Mono/libdl.so.dll
Fallback handler could not load library D:/Unity Hub Projects AI ML/ma-unity/builds/drone2D_simpleGrass/ultron_yolo-unity_Data/Mono/libdl.so
Fallback handler could not load library D:/Unity Hub Projects AI ML/ma-unity/builds/drone2D_simpleGrass/ultron_yolo-unity_Data/Mono/libSystem.dylib
Fallback handler could not load library D:/Unity Hub Projects AI ML/ma-unity/builds/drone2D_simpleGrass/ultron_yolo-unity_Data/Mono/libSystem.dylib.dll
Fallback handler could not load library D:/Unity Hub Projects AI ML/ma-unity/builds/drone2D_simpleGrass/ultron_yolo-unity_Data/Mono/libSystem.dylib
episodebegin, countCollected: 0
UnityEngine.StackTraceUtility:ExtractStackTrace ()
UnityEngine.DebugLogHandler:LogFormat (UnityEngine.LogType,UnityEngine.Object,string,object[])
UnityEngine.Logger:Log (UnityEngine.LogType,object)
UnityEngine.Debug:Log (object)
UnityEngine.MonoBehaviour:print (object)
DroneAgent:OnEpisodeBegin () (at D:/Unity Hub Projects AI ML/ma-unity/ultron_yolo-unity/Assets/Scripts/DroneAgent.cs:67)
Unity.MLAgents.Agent:_AgentReset () (at D:/Unity Hub Projects AI ML/ml-agents-release_17/com.unity.ml-agents/Runtime/Agent.cs:1299)
Unity.MLAgents.Academy:ForcedFullReset () (at D:/Unity Hub Projects AI ML/ml-agents-release_17/com.unity.ml-agents/Runtime/Academy.cs:548)
Unity.MLAgents.Academy:EnvironmentStep () (at D:/Unity Hub Projects AI ML/ml-agents-release_17/com.unity.ml-agents/Runtime/Academy.cs:562)
Unity.MLAgents.AcademyFixedUpdateStepper:FixedUpdate () (at D:/Unity Hub Projects AI ML/ml-agents-release_17/com.unity.ml-agents/Runtime/Academy.cs:43)

(Filename: D:/Unity Hub Projects AI ML/ma-unity/ultron_yolo-unity/Assets/Scripts/DroneAgent.cs Line: 67)

Reduced additional punctual light shadows resolution by 2 to make 18 shadow maps fit in the 2048x2048 shadow atlas. To avoid this, increase shadow atlas size, decrease big shadow resolutions, or reduce the number of shadow maps active in the same frame
UnityEngine.StackTraceUtility:ExtractStackTrace ()
UnityEngine.DebugLogHandler:LogFormat (UnityEngine.LogType,UnityEngine.Object,string,object[])
UnityEngine.Logger:Log (UnityEngine.LogType,object)
UnityEngine.Debug:Log (object)
UnityEngine.Rendering.Universal.Internal.AdditionalLightsShadowCasterPass:AtlasLayout (int,int,int) (at D:/Unity Hub Projects AI ML/ma-unity/ultron_yolo-unity/Library/PackageCache/com.unity.render-pipelines.universal@11.0.0/Runtime/Passes/AdditionalLightsShadowCasterPass.cs:403)
UnityEngine.Rendering.Universal.Internal.AdditionalLightsShadowCasterPass:Setup (UnityEngine.Rendering.Universal.RenderingData&) (at D:/Unity Hub Projects AI ML/ma-unity/ultron_yolo-unity/Library/PackageCache/com.unity.render-pipelines.universal@11.0.0/Runtime/Passes/AdditionalLightsShadowCasterPass.cs:596)
UnityEngine.Rendering.Universal.ForwardRenderer:Setup (UnityEngine.Rendering.ScriptableRenderContext,UnityEngine.Rendering.Universal.RenderingData&) (at D:/Unity Hub Projects AI ML/ma-unity/ultron_yolo-unity/Library/PackageCache/com.unity.render-pipelines.universal@11.0.0/Runtime/ForwardRenderer.cs:303)
UnityEngine.Rendering.Universal.UniversalRenderPipeline:RenderSingleCamera (UnityEngine.Rendering.ScriptableRenderContext,UnityEngine.Rendering.Universal.CameraData,bool) (at D:/Unity Hub Projects AI ML/ma-unity/ultron_yolo-unity/Library/PackageCache/com.unity.render-pipelines.universal@11.0.0/Runtime/UniversalRenderPipeline.cs:387)
UnityEngine.Rendering.Universal.UniversalRenderPipeline:RenderCameraStack (UnityEngine.Rendering.ScriptableRenderContext,UnityEngine.Camera) (at D:/Unity Hub Projects AI ML/ma-unity/ultron_yolo-unity/Library/PackageCache/com.unity.render-pipelines.universal@11.0.0/Runtime/UniversalRenderPipeline.cs:519)
UnityEngine.Rendering.Universal.UniversalRenderPipeline:Render (UnityEngine.Rendering.ScriptableRenderContext,System.Collections.Generic.List`1<UnityEngine.Camera>) (at D:/Unity Hub Projects AI ML/ma-unity/ultron_yolo-unity/Library/PackageCache/com.unity.render-pipelines.universal@11.0.0/Runtime/UniversalRenderPipeline.cs:242)
UnityEngine.Rendering.RenderPipeline:InternalRender (UnityEngine.Rendering.ScriptableRenderContext,System.Collections.Generic.List`1<UnityEngine.Camera>)
UnityEngine.Rendering.RenderPipelineManager:DoRenderLoop_Internal (UnityEngine.Rendering.RenderPipelineAsset,intptr,System.Collections.Generic.List`1<UnityEngine.Camera/RenderRequest>)

(Filename: D:/Unity Hub Projects AI ML/ma-unity/ultron_yolo-unity/Library/PackageCache/com.unity.render-pipelines.universal@11.0.0/Runtime/Passes/AdditionalLightsShadowCasterPass.cs Line: 403)

collected !
UnityEngine.StackTraceUtility:ExtractStackTrace ()
UnityEngine.DebugLogHandler:LogFormat (UnityEngine.LogType,UnityEngine.Object,string,object[])
UnityEngine.Logger:Log (UnityEngine.LogType,object)
UnityEngine.Debug:Log (object)
UnityEngine.MonoBehaviour:print (object)
DroneAgent:Update () (at D:/Unity Hub Projects AI ML/ma-unity/ultron_yolo-unity/Assets/Scripts/DroneAgent.cs:234)

(Filename: D:/Unity Hub Projects AI ML/ma-unity/ultron_yolo-unity/Assets/Scripts/DroneAgent.cs Line: 234)

collected !
UnityEngine.StackTraceUtility:ExtractStackTrace ()
UnityEngine.DebugLogHandler:LogFormat (UnityEngine.LogType,UnityEngine.Object,string,object[])
UnityEngine.Logger:Log (UnityEngine.LogType,object)
UnityEngine.Debug:Log (object)
UnityEngine.MonoBehaviour:print (object)
DroneAgent:Update () (at D:/Unity Hub Projects AI ML/ma-unity/ultron_yolo-unity/Assets/Scripts/DroneAgent.cs:234)

(Filename: D:/Unity Hub Projects AI ML/ma-unity/ultron_yolo-unity/Assets/Scripts/DroneAgent.cs Line: 234)

collected !
UnityEngine.StackTraceUtility:ExtractStackTrace ()
UnityEngine.DebugLogHandler:LogFormat (UnityEngine.LogType,UnityEngine.Object,string,object[])
UnityEngine.Logger:Log (UnityEngine.LogType,object)
UnityEngine.Debug:Log (object)
UnityEngine.MonoBehaviour:print (object)
DroneAgent:Update () (at D:/Unity Hub Projects AI ML/ma-unity/ultron_yolo-unity/Assets/Scripts/DroneAgent.cs:234)

(Filename: D:/Unity Hub Projects AI ML/ma-unity/ultron_yolo-unity/Assets/Scripts/DroneAgent.cs Line: 234)

collected !
UnityEngine.StackTraceUtility:ExtractStackTrace ()
UnityEngine.DebugLogHandler:LogFormat (UnityEngine.LogType,UnityEngine.Object,string,object[])
UnityEngine.Logger:Log (UnityEngine.LogType,object)
UnityEngine.Debug:Log (object)
UnityEngine.MonoBehaviour:print (object)
DroneAgent:Update () (at D:/Unity Hub Projects AI ML/ma-unity/ultron_yolo-unity/Assets/Scripts/DroneAgent.cs:234)

(Filename: D:/Unity Hub Projects AI ML/ma-unity/ultron_yolo-unity/Assets/Scripts/DroneAgent.cs Line: 234)

collected !
UnityEngine.StackTraceUtility:ExtractStackTrace ()
UnityEngine.DebugLogHandler:LogFormat (UnityEngine.LogType,UnityEngine.Object,string,object[])
UnityEngine.Logger:Log (UnityEngine.LogType,object)
UnityEngine.Debug:Log (object)
UnityEngine.MonoBehaviour:print (object)
DroneAgent:Update () (at D:/Unity Hub Projects AI ML/ma-unity/ultron_yolo-unity/Assets/Scripts/DroneAgent.cs:234)

(Filename: D:/Unity Hub Projects AI ML/ma-unity/ultron_yolo-unity/Assets/Scripts/DroneAgent.cs Line: 234)

collected !
UnityEngine.StackTraceUtility:ExtractStackTrace ()
UnityEngine.DebugLogHandler:LogFormat (UnityEngine.LogType,UnityEngine.Object,string,object[])
UnityEngine.Logger:Log (UnityEngine.LogType,object)
UnityEngine.Debug:Log (object)
UnityEngine.MonoBehaviour:print (object)
DroneAgent:Update () (at D:/Unity Hub Projects AI ML/ma-unity/ultron_yolo-unity/Assets/Scripts/DroneAgent.cs:234)

(Filename: D:/Unity Hub Projects AI ML/ma-unity/ultron_yolo-unity/Assets/Scripts/DroneAgent.cs Line: 234)

collected !
UnityEngine.StackTraceUtility:ExtractStackTrace ()
UnityEngine.DebugLogHandler:LogFormat (UnityEngine.LogType,UnityEngine.Object,string,object[])
UnityEngine.Logger:Log (UnityEngine.LogType,object)
UnityEngine.Debug:Log (object)
UnityEngine.MonoBehaviour:print (object)
DroneAgent:Update () (at D:/Unity Hub Projects AI ML/ma-unity/ultron_yolo-unity/Assets/Scripts/DroneAgent.cs:234)

(Filename: D:/Unity Hub Projects AI ML/ma-unity/ultron_yolo-unity/Assets/Scripts/DroneAgent.cs Line: 234)

collected !
UnityEngine.StackTraceUtility:ExtractStackTrace ()
UnityEngine.DebugLogHandler:LogFormat (UnityEngine.LogType,UnityEngine.Object,string,object[])
UnityEngine.Logger:Log (UnityEngine.LogType,object)
UnityEngine.Debug:Log (object)
UnityEngine.MonoBehaviour:print (object)
DroneAgent:Update () (at D:/Unity Hub Projects AI ML/ma-unity/ultron_yolo-unity/Assets/Scripts/DroneAgent.cs:234)

(Filename: D:/Unity Hub Projects AI ML/ma-unity/ultron_yolo-unity/Assets/Scripts/DroneAgent.cs Line: 234)

collected !
UnityEngine.StackTraceUtility:ExtractStackTrace ()
UnityEngine.DebugLogHandler:LogFormat (UnityEngine.LogType,UnityEngine.Object,string,object[])
UnityEngine.Logger:Log (UnityEngine.LogType,object)
UnityEngine.Debug:Log (object)
UnityEngine.MonoBehaviour:print (object)
DroneAgent:Update () (at D:/Unity Hub Projects AI ML/ma-unity/ultron_yolo-unity/Assets/Scripts/DroneAgent.cs:234)

(Filename: D:/Unity Hub Projects AI ML/ma-unity/ultron_yolo-unity/Assets/Scripts/DroneAgent.cs Line: 234)

episodebegin, countCollected: 9
UnityEngine.StackTraceUtility:ExtractStackTrace ()
UnityEngine.DebugLogHandler:LogFormat (UnityEngine.LogType,UnityEngine.Object,string,object[])
UnityEngine.Logger:Log (UnityEngine.LogType,object)
UnityEngine.Debug:Log (object)
UnityEngine.MonoBehaviour:print (object)
DroneAgent:OnEpisodeBegin () (at D:/Unity Hub Projects AI ML/ma-unity/ultron_yolo-unity/Assets/Scripts/DroneAgent.cs:67)
Unity.MLAgents.Agent:_AgentReset () (at D:/Unity Hub Projects AI ML/ml-agents-release_17/com.unity.ml-agents/Runtime/Agent.cs:1299)
Unity.MLAgents.Agent:AgentStep () (at D:/Unity Hub Projects AI ML/ml-agents-release_17/com.unity.ml-agents/Runtime/Agent.cs:1350)
Unity.MLAgents.Academy:EnvironmentStep () (at D:/Unity Hub Projects AI ML/ml-agents-release_17/com.unity.ml-agents/Runtime/Academy.cs:589)
Unity.MLAgents.AcademyFixedUpdateStepper:FixedUpdate () (at D:/Unity Hub Projects AI ML/ml-agents-release_17/com.unity.ml-agents/Runtime/Academy.cs:43)

(Filename: D:/Unity Hub Projects AI ML/ma-unity/ultron_yolo-unity/Assets/Scripts/DroneAgent.cs Line: 67)

collected !
UnityEngine.StackTraceUtility:ExtractStackTrace ()
UnityEngine.DebugLogHandler:LogFormat (UnityEngine.LogType,UnityEngine.Object,string,object[])
UnityEngine.Logger:Log (UnityEngine.LogType,object)
UnityEngine.Debug:Log (object)
UnityEngine.MonoBehaviour:print (object)
DroneAgent:Update () (at D:/Unity Hub Projects AI ML/ma-unity/ultron_yolo-unity/Assets/Scripts/DroneAgent.cs:234)

(Filename: D:/Unity Hub Projects AI ML/ma-unity/ultron_yolo-unity/Assets/Scripts/DroneAgent.cs Line: 234)

collected !
UnityEngine.StackTraceUtility:ExtractStackTrace ()
UnityEngine.DebugLogHandler:LogFormat (UnityEngine.LogType,UnityEngine.Object,string,object[])
UnityEngine.Logger:Log (UnityEngine.LogType,object)
UnityEngine.Debug:Log (object)
UnityEngine.MonoBehaviour:print (object)
DroneAgent:Update () (at D:/Unity Hub Projects AI ML/ma-unity/ultron_yolo-unity/Assets/Scripts/DroneAgent.cs:234)

(Filename: D:/Unity Hub Projects AI ML/ma-unity/ultron_yolo-unity/Assets/Scripts/DroneAgent.cs Line: 234)

collected !
UnityEngine.StackTraceUtility:ExtractStackTrace ()
UnityEngine.DebugLogHandler:LogFormat (UnityEngine.LogType,UnityEngine.Object,string,object[])
UnityEngine.Logger:Log (UnityEngine.LogType,object)
UnityEngine.Debug:Log (object)
UnityEngine.MonoBehaviour:print (object)
DroneAgent:Update () (at D:/Unity Hub Projects AI ML/ma-unity/ultron_yolo-unity/Assets/Scripts/DroneAgent.cs:234)

(Filename: D:/Unity Hub Projects AI ML/ma-unity/ultron_yolo-unity/Assets/Scripts/DroneAgent.cs Line: 234)

collected !
UnityEngine.StackTraceUtility:ExtractStackTrace ()
UnityEngine.DebugLogHandler:LogFormat (UnityEngine.LogType,UnityEngine.Object,string,object[])
UnityEngine.Logger:Log (UnityEngine.LogType,object)
UnityEngine.Debug:Log (object)
UnityEngine.MonoBehaviour:print (object)
DroneAgent:Update () (at D:/Unity Hub Projects AI ML/ma-unity/ultron_yolo-unity/Assets/Scripts/DroneAgent.cs:234)

(Filename: D:/Unity Hub Projects AI ML/ma-unity/ultron_yolo-unity/Assets/Scripts/DroneAgent.cs Line: 234)

collected !
UnityEngine.StackTraceUtility:ExtractStackTrace ()
UnityEngine.DebugLogHandler:LogFormat (UnityEngine.LogType,UnityEngine.Object,string,object[])
UnityEngine.Logger:Log (UnityEngine.LogType,object)
UnityEngine.Debug:Log (object)
UnityEngine.MonoBehaviour:print (object)
DroneAgent:Update () (at D:/Unity Hub Projects AI ML/ma-unity/ultron_yolo-unity/Assets/Scripts/DroneAgent.cs:234)

(Filename: D:/Unity Hub Projects AI ML/ma-unity/ultron_yolo-unity/Assets/Scripts/DroneAgent.cs Line: 234)

collected !
UnityEngine.StackTraceUtility:ExtractStackTrace ()
UnityEngine.DebugLogHandler:LogFormat (UnityEngine.LogType,UnityEngine.Object,string,object[])
UnityEngine.Logger:Log (UnityEngine.LogType,object)
UnityEngine.Debug:Log (object)
UnityEngine.MonoBehaviour:print (object)
DroneAgent:Update () (at D:/Unity Hub Projects AI ML/ma-unity/ultron_yolo-unity/Assets/Scripts/DroneAgent.cs:234)

(Filename: D:/Unity Hub Projects AI ML/ma-unity/ultron_yolo-unity/Assets/Scripts/DroneAgent.cs Line: 234)

collected !
UnityEngine.StackTraceUtility:ExtractStackTrace ()
UnityEngine.DebugLogHandler:LogFormat (UnityEngine.LogType,UnityEngine.Object,string,object[])
UnityEngine.Logger:Log (UnityEngine.LogType,object)
UnityEngine.Debug:Log (object)
UnityEngine.MonoBehaviour:print (object)
DroneAgent:Update () (at D:/Unity Hub Projects AI ML/ma-unity/ultron_yolo-unity/Assets/Scripts/DroneAgent.cs:234)

(Filename: D:/Unity Hub Projects AI ML/ma-unity/ultron_yolo-unity/Assets/Scripts/DroneAgent.cs Line: 234)

collected !
UnityEngine.StackTraceUtility:ExtractStackTrace ()
UnityEngine.DebugLogHandler:LogFormat (UnityEngine.LogType,UnityEngine.Object,string,object[])
UnityEngine.Logger:Log (UnityEngine.LogType,object)
UnityEngine.Debug:Log (object)
UnityEngine.MonoBehaviour:print (object)
DroneAgent:Update () (at D:/Unity Hub Projects AI ML/ma-unity/ultron_yolo-unity/Assets/Scripts/DroneAgent.cs:234)

(Filename: D:/Unity Hub Projects AI ML/ma-unity/ultron_yolo-unity/Assets/Scripts/DroneAgent.cs Line: 234)

collected !
UnityEngine.StackTraceUtility:ExtractStackTrace ()
UnityEngine.DebugLogHandler:LogFormat (UnityEngine.LogType,UnityEngine.Object,string,object[])
UnityEngine.Logger:Log (UnityEngine.LogType,object)
UnityEngine.Debug:Log (object)
UnityEngine.MonoBehaviour:print (object)
DroneAgent:Update () (at D:/Unity Hub Projects AI ML/ma-unity/ultron_yolo-unity/Assets/Scripts/DroneAgent.cs:234)

(Filename: D:/Unity Hub Projects AI ML/ma-unity/ultron_yolo-unity/Assets/Scripts/DroneAgent.cs Line: 234)

collected !
UnityEngine.StackTraceUtility:ExtractStackTrace ()
UnityEngine.DebugLogHandler:LogFormat (UnityEngine.LogType,UnityEngine.Object,string,object[])
UnityEngine.Logger:Log (UnityEngine.LogType,object)
UnityEngine.Debug:Log (object)
UnityEngine.MonoBehaviour:print (object)
DroneAgent:Update () (at D:/Unity Hub Projects AI ML/ma-unity/ultron_yolo-unity/Assets/Scripts/DroneAgent.cs:234)

(Filename: D:/Unity Hub Projects AI ML/ma-unity/ultron_yolo-unity/Assets/Scripts/DroneAgent.cs Line: 234)

collected !
UnityEngine.StackTraceUtility:ExtractStackTrace ()
UnityEngine.DebugLogHandler:LogFormat (UnityEngine.LogType,UnityEngine.Object,string,object[])
UnityEngine.Logger:Log (UnityEngine.LogType,object)
UnityEngine.Debug:Log (object)
UnityEngine.MonoBehaviour:print (object)
DroneAgent:Update () (at D:/Unity Hub Projects AI ML/ma-unity/ultron_yolo-unity/Assets/Scripts/DroneAgent.cs:234)

(Filename: D:/Unity Hub Projects AI ML/ma-unity/ultron_yolo-unity/Assets/Scripts/DroneAgent.cs Line: 234)

episodebegin, countCollected: 11
UnityEngine.StackTraceUtility:ExtractStackTrace ()
UnityEngine.DebugLogHandler:LogFormat (UnityEngine.LogType,UnityEngine.Object,string,object[])
UnityEngine.Logger:Log (UnityEngine.LogType,object)
UnityEngine.Debug:Log (object)
UnityEngine.MonoBehaviour:print (object)
DroneAgent:OnEpisodeBegin () (at D:/Unity Hub Projects AI ML/ma-unity/ultron_yolo-unity/Assets/Scripts/DroneAgent.cs:67)
Unity.MLAgents.Agent:_AgentReset () (at D:/Unity Hub Projects AI ML/ml-agents-release_17/com.unity.ml-agents/Runtime/Agent.cs:1299)
Unity.MLAgents.Agent:AgentStep () (at D:/Unity Hub Projects AI ML/ml-agents-release_17/com.unity.ml-agents/Runtime/Agent.cs:1350)
Unity.MLAgents.Academy:EnvironmentStep () (at D:/Unity Hub Projects AI ML/ml-agents-release_17/com.unity.ml-agents/Runtime/Academy.cs:589)
Unity.MLAgents.AcademyFixedUpdateStepper:FixedUpdate () (at D:/Unity Hub Projects AI ML/ml-agents-release_17/com.unity.ml-agents/Runtime/Academy.cs:43)

(Filename: D:/Unity Hub Projects AI ML/ma-unity/ultron_yolo-unity/Assets/Scripts/DroneAgent.cs Line: 67)

collected !
UnityEngine.StackTraceUtility:ExtractStackTrace ()
UnityEngine.DebugLogHandler:LogFormat (UnityEngine.LogType,UnityEngine.Object,string,object[])
UnityEngine.Logger:Log (UnityEngine.LogType,object)
UnityEngine.Debug:Log (object)
UnityEngine.MonoBehaviour:print (object)
DroneAgent:Update () (at D:/Unity Hub Projects AI ML/ma-unity/ultron_yolo-unity/Assets/Scripts/DroneAgent.cs:234)

(Filename: D:/Unity Hub Projects AI ML/ma-unity/ultron_yolo-unity/Assets/Scripts/DroneAgent.cs Line: 234)

collected !
UnityEngine.StackTraceUtility:ExtractStackTrace ()
UnityEngine.DebugLogHandler:LogFormat (UnityEngine.LogType,UnityEngine.Object,string,object[])
UnityEngine.Logger:Log (UnityEngine.LogType,object)
UnityEngine.Debug:Log (object)
UnityEngine.MonoBehaviour:print (object)
DroneAgent:Update () (at D:/Unity Hub Projects AI ML/ma-unity/ultron_yolo-unity/Assets/Scripts/DroneAgent.cs:234)

(Filename: D:/Unity Hub Projects AI ML/ma-unity/ultron_yolo-unity/Assets/Scripts/DroneAgent.cs Line: 234)

collected !
UnityEngine.StackTraceUtility:ExtractStackTrace ()
UnityEngine.DebugLogHandler:LogFormat (UnityEngine.LogType,UnityEngine.Object,string,object[])
UnityEngine.Logger:Log (UnityEngine.LogType,object)
UnityEngine.Debug:Log (object)
UnityEngine.MonoBehaviour:print (object)
DroneAgent:Update () (at D:/Unity Hub Projects AI ML/ma-unity/ultron_yolo-unity/Assets/Scripts/DroneAgent.cs:234)

(Filename: D:/Unity Hub Projects AI ML/ma-unity/ultron_yolo-unity/Assets/Scripts/DroneAgent.cs Line: 234)

collected !
UnityEngine.StackTraceUtility:ExtractStackTrace ()
UnityEngine.DebugLogHandler:LogFormat (UnityEngine.LogType,UnityEngine.Object,string,object[])
UnityEngine.Logger:Log (UnityEngine.LogType,object)
UnityEngine.Debug:Log (object)
UnityEngine.MonoBehaviour:print (object)
DroneAgent:Update () (at D:/Unity Hub Projects AI ML/ma-unity/ultron_yolo-unity/Assets/Scripts/DroneAgent.cs:234)

(Filename: D:/Unity Hub Projects AI ML/ma-unity/ultron_yolo-unity/Assets/Scripts/DroneAgent.cs Line: 234)

collected !
UnityEngine.StackTraceUtility:ExtractStackTrace ()
UnityEngine.DebugLogHandler:LogFormat (UnityEngine.LogType,UnityEngine.Object,string,object[])
UnityEngine.Logger:Log (UnityEngine.LogType,object)
UnityEngine.Debug:Log (object)
UnityEngine.MonoBehaviour:print (object)
DroneAgent:Update () (at D:/Unity Hub Projects AI ML/ma-unity/ultron_yolo-unity/Assets/Scripts/DroneAgent.cs:234)

(Filename: D:/Unity Hub Projects AI ML/ma-unity/ultron_yolo-unity/Assets/Scripts/DroneAgent.cs Line: 234)

collected !
UnityEngine.StackTraceUtility:ExtractStackTrace ()
UnityEngine.DebugLogHandler:LogFormat (UnityEngine.LogType,UnityEngine.Object,string,object[])
UnityEngine.Logger:Log (UnityEngine.LogType,object)
UnityEngine.Debug:Log (object)
UnityEngine.MonoBehaviour:print (object)
DroneAgent:Update () (at D:/Unity Hub Projects AI ML/ma-unity/ultron_yolo-unity/Assets/Scripts/DroneAgent.cs:234)

(Filename: D:/Unity Hub Projects AI ML/ma-unity/ultron_yolo-unity/Assets/Scripts/DroneAgent.cs Line: 234)

collected !
UnityEngine.StackTraceUtility:ExtractStackTrace ()
UnityEngine.DebugLogHandler:LogFormat (UnityEngine.LogType,UnityEngine.Object,string,object[])
UnityEngine.Logger:Log (UnityEngine.LogType,object)
UnityEngine.Debug:Log (object)
UnityEngine.MonoBehaviour:print (object)
DroneAgent:Update () (at D:/Unity Hub Projects AI ML/ma-unity/ultron_yolo-unity/Assets/Scripts/DroneAgent.cs:234)

(Filename: D:/Unity Hub Projects AI ML/ma-unity/ultron_yolo-unity/Assets/Scripts/DroneAgent.cs Line: 234)

collected !
UnityEngine.StackTraceUtility:ExtractStackTrace ()
UnityEngine.DebugLogHandler:LogFormat (UnityEngine.LogType,UnityEngine.Object,string,object[])
UnityEngine.Logger:Log (UnityEngine.LogType,object)
UnityEngine.Debug:Log (object)
UnityEngine.MonoBehaviour:print (object)
DroneAgent:Update () (at D:/Unity Hub Projects AI ML/ma-unity/ultron_yolo-unity/Assets/Scripts/DroneAgent.cs:234)

(Filename: D:/Unity Hub Projects AI ML/ma-unity/ultron_yolo-unity/Assets/Scripts/DroneAgent.cs Line: 234)

collected !
UnityEngine.StackTraceUtility:ExtractStackTrace ()
UnityEngine.DebugLogHandler:LogFormat (UnityEngine.LogType,UnityEngine.Object,string,object[])
UnityEngine.Logger:Log (UnityEngine.LogType,object)
UnityEngine.Debug:Log (object)
UnityEngine.MonoBehaviour:print (object)
DroneAgent:Update () (at D:/Unity Hub Projects AI ML/ma-unity/ultron_yolo-unity/Assets/Scripts/DroneAgent.cs:234)

(Filename: D:/Unity Hub Projects AI ML/ma-unity/ultron_yolo-unity/Assets/Scripts/DroneAgent.cs Line: 234)

collected !
UnityEngine.StackTraceUtility:ExtractStackTrace ()
UnityEngine.DebugLogHandler:LogFormat (UnityEngine.LogType,UnityEngine.Object,string,object[])
UnityEngine.Logger:Log (UnityEngine.LogType,object)
UnityEngine.Debug:Log (object)
UnityEngine.MonoBehaviour:print (object)
DroneAgent:Update () (at D:/Unity Hub Projects AI ML/ma-unity/ultron_yolo-unity/Assets/Scripts/DroneAgent.cs:234)

(Filename: D:/Unity Hub Projects AI ML/ma-unity/ultron_yolo-unity/Assets/Scripts/DroneAgent.cs Line: 234)

episodebegin, countCollected: 10
UnityEngine.StackTraceUtility:ExtractStackTrace ()
UnityEngine.DebugLogHandler:LogFormat (UnityEngine.LogType,UnityEngine.Object,string,object[])
UnityEngine.Logger:Log (UnityEngine.LogType,object)
UnityEngine.Debug:Log (object)
UnityEngine.MonoBehaviour:print (object)
DroneAgent:OnEpisodeBegin () (at D:/Unity Hub Projects AI ML/ma-unity/ultron_yolo-unity/Assets/Scripts/DroneAgent.cs:67)
Unity.MLAgents.Agent:_AgentReset () (at D:/Unity Hub Projects AI ML/ml-agents-release_17/com.unity.ml-agents/Runtime/Agent.cs:1299)
Unity.MLAgents.Agent:AgentStep () (at D:/Unity Hub Projects AI ML/ml-agents-release_17/com.unity.ml-agents/Runtime/Agent.cs:1350)
Unity.MLAgents.Academy:EnvironmentStep () (at D:/Unity Hub Projects AI ML/ml-agents-release_17/com.unity.ml-agents/Runtime/Academy.cs:589)
Unity.MLAgents.AcademyFixedUpdateStepper:FixedUpdate () (at D:/Unity Hub Projects AI ML/ml-agents-release_17/com.unity.ml-agents/Runtime/Academy.cs:43)

(Filename: D:/Unity Hub Projects AI ML/ma-unity/ultron_yolo-unity/Assets/Scripts/DroneAgent.cs Line: 67)

collected !
UnityEngine.StackTraceUtility:ExtractStackTrace ()
UnityEngine.DebugLogHandler:LogFormat (UnityEngine.LogType,UnityEngine.Object,string,object[])
UnityEngine.Logger:Log (UnityEngine.LogType,object)
UnityEngine.Debug:Log (object)
UnityEngine.MonoBehaviour:print (object)
DroneAgent:Update () (at D:/Unity Hub Projects AI ML/ma-unity/ultron_yolo-unity/Assets/Scripts/DroneAgent.cs:234)

(Filename: D:/Unity Hub Projects AI ML/ma-unity/ultron_yolo-unity/Assets/Scripts/DroneAgent.cs Line: 234)

collected !
UnityEngine.StackTraceUtility:ExtractStackTrace ()
UnityEngine.DebugLogHandler:LogFormat (UnityEngine.LogType,UnityEngine.Object,string,object[])
UnityEngine.Logger:Log (UnityEngine.LogType,object)
UnityEngine.Debug:Log (object)
UnityEngine.MonoBehaviour:print (object)
DroneAgent:Update () (at D:/Unity Hub Projects AI ML/ma-unity/ultron_yolo-unity/Assets/Scripts/DroneAgent.cs:234)

(Filename: D:/Unity Hub Projects AI ML/ma-unity/ultron_yolo-unity/Assets/Scripts/DroneAgent.cs Line: 234)

collected !
UnityEngine.StackTraceUtility:ExtractStackTrace ()
UnityEngine.DebugLogHandler:LogFormat (UnityEngine.LogType,UnityEngine.Object,string,object[])
UnityEngine.Logger:Log (UnityEngine.LogType,object)
UnityEngine.Debug:Log (object)
UnityEngine.MonoBehaviour:print (object)
DroneAgent:Update () (at D:/Unity Hub Projects AI ML/ma-unity/ultron_yolo-unity/Assets/Scripts/DroneAgent.cs:234)

(Filename: D:/Unity Hub Projects AI ML/ma-unity/ultron_yolo-unity/Assets/Scripts/DroneAgent.cs Line: 234)

collected !
UnityEngine.StackTraceUtility:ExtractStackTrace ()
UnityEngine.DebugLogHandler:LogFormat (UnityEngine.LogType,UnityEngine.Object,string,object[])
UnityEngine.Logger:Log (UnityEngine.LogType,object)
UnityEngine.Debug:Log (object)
UnityEngine.MonoBehaviour:print (object)
DroneAgent:Update () (at D:/Unity Hub Projects AI ML/ma-unity/ultron_yolo-unity/Assets/Scripts/DroneAgent.cs:234)

(Filename: D:/Unity Hub Projects AI ML/ma-unity/ultron_yolo-unity/Assets/Scripts/DroneAgent.cs Line: 234)

collected !
UnityEngine.StackTraceUtility:ExtractStackTrace ()
UnityEngine.DebugLogHandler:LogFormat (UnityEngine.LogType,UnityEngine.Object,string,object[])
UnityEngine.Logger:Log (UnityEngine.LogType,object)
UnityEngine.Debug:Log (object)
UnityEngine.MonoBehaviour:print (object)
DroneAgent:Update () (at D:/Unity Hub Projects AI ML/ma-unity/ultron_yolo-unity/Assets/Scripts/DroneAgent.cs:234)

(Filename: D:/Unity Hub Projects AI ML/ma-unity/ultron_yolo-unity/Assets/Scripts/DroneAgent.cs Line: 234)

collected !
UnityEngine.StackTraceUtility:ExtractStackTrace ()
UnityEngine.DebugLogHandler:LogFormat (UnityEngine.LogType,UnityEngine.Object,string,object[])
UnityEngine.Logger:Log (UnityEngine.LogType,object)
UnityEngine.Debug:Log (object)
UnityEngine.MonoBehaviour:print (object)
DroneAgent:Update () (at D:/Unity Hub Projects AI ML/ma-unity/ultron_yolo-unity/Assets/Scripts/DroneAgent.cs:234)

(Filename: D:/Unity Hub Projects AI ML/ma-unity/ultron_yolo-unity/Assets/Scripts/DroneAgent.cs Line: 234)

collected !
UnityEngine.StackTraceUtility:ExtractStackTrace ()
UnityEngine.DebugLogHandler:LogFormat (UnityEngine.LogType,UnityEngine.Object,string,object[])
UnityEngine.Logger:Log (UnityEngine.LogType,object)
UnityEngine.Debug:Log (object)
UnityEngine.MonoBehaviour:print (object)
DroneAgent:Update () (at D:/Unity Hub Projects AI ML/ma-unity/ultron_yolo-unity/Assets/Scripts/DroneAgent.cs:234)

(Filename: D:/Unity Hub Projects AI ML/ma-unity/ultron_yolo-unity/Assets/Scripts/DroneAgent.cs Line: 234)

collected !
UnityEngine.StackTraceUtility:ExtractStackTrace ()
UnityEngine.DebugLogHandler:LogFormat (UnityEngine.LogType,UnityEngine.Object,string,object[])
UnityEngine.Logger:Log (UnityEngine.LogType,object)
UnityEngine.Debug:Log (object)
UnityEngine.MonoBehaviour:print (object)
DroneAgent:Update () (at D:/Unity Hub Projects AI ML/ma-unity/ultron_yolo-unity/Assets/Scripts/DroneAgent.cs:234)

(Filename: D:/Unity Hub Projects AI ML/ma-unity/ultron_yolo-unity/Assets/Scripts/DroneAgent.cs Line: 234)

collected !
UnityEngine.StackTraceUtility:ExtractStackTrace ()
UnityEngine.DebugLogHandler:LogFormat (UnityEngine.LogType,UnityEngine.Object,string,object[])
UnityEngine.Logger:Log (UnityEngine.LogType,object)
UnityEngine.Debug:Log (object)
UnityEngine.MonoBehaviour:print (object)
DroneAgent:Update () (at D:/Unity Hub Projects AI ML/ma-unity/ultron_yolo-unity/Assets/Scripts/DroneAgent.cs:234)

(Filename: D:/Unity Hub Projects AI ML/ma-unity/ultron_yolo-unity/Assets/Scripts/DroneAgent.cs Line: 234)

collected !
UnityEngine.StackTraceUtility:ExtractStackTrace ()
UnityEngine.DebugLogHandler:LogFormat (UnityEngine.LogType,UnityEngine.Object,string,object[])
UnityEngine.Logger:Log (UnityEngine.LogType,object)
UnityEngine.Debug:Log (object)
UnityEngine.MonoBehaviour:print (object)
DroneAgent:Update () (at D:/Unity Hub Projects AI ML/ma-unity/ultron_yolo-unity/Assets/Scripts/DroneAgent.cs:234)

(Filename: D:/Unity Hub Projects AI ML/ma-unity/ultron_yolo-unity/Assets/Scripts/DroneAgent.cs Line: 234)

collected !
UnityEngine.StackTraceUtility:ExtractStackTrace ()
UnityEngine.DebugLogHandler:LogFormat (UnityEngine.LogType,UnityEngine.Object,string,object[])
UnityEngine.Logger:Log (UnityEngine.LogType,object)
UnityEngine.Debug:Log (object)
UnityEngine.MonoBehaviour:print (object)
DroneAgent:Update () (at D:/Unity Hub Projects AI ML/ma-unity/ultron_yolo-unity/Assets/Scripts/DroneAgent.cs:234)

(Filename: D:/Unity Hub Projects AI ML/ma-unity/ultron_yolo-unity/Assets/Scripts/DroneAgent.cs Line: 234)

collected !
UnityEngine.StackTraceUtility:ExtractStackTrace ()
UnityEngine.DebugLogHandler:LogFormat (UnityEngine.LogType,UnityEngine.Object,string,object[])
UnityEngine.Logger:Log (UnityEngine.LogType,object)
UnityEngine.Debug:Log (object)
UnityEngine.MonoBehaviour:print (object)
DroneAgent:Update () (at D:/Unity Hub Projects AI ML/ma-unity/ultron_yolo-unity/Assets/Scripts/DroneAgent.cs:234)

(Filename: D:/Unity Hub Projects AI ML/ma-unity/ultron_yolo-unity/Assets/Scripts/DroneAgent.cs Line: 234)

episodebegin, countCollected: 12
UnityEngine.StackTraceUtility:ExtractStackTrace ()
UnityEngine.DebugLogHandler:LogFormat (UnityEngine.LogType,UnityEngine.Object,string,object[])
UnityEngine.Logger:Log (UnityEngine.LogType,object)
UnityEngine.Debug:Log (object)
UnityEngine.MonoBehaviour:print (object)
DroneAgent:OnEpisodeBegin () (at D:/Unity Hub Projects AI ML/ma-unity/ultron_yolo-unity/Assets/Scripts/DroneAgent.cs:67)
Unity.MLAgents.Agent:_AgentReset () (at D:/Unity Hub Projects AI ML/ml-agents-release_17/com.unity.ml-agents/Runtime/Agent.cs:1299)
Unity.MLAgents.Agent:AgentStep () (at D:/Unity Hub Projects AI ML/ml-agents-release_17/com.unity.ml-agents/Runtime/Agent.cs:1350)
Unity.MLAgents.Academy:EnvironmentStep () (at D:/Unity Hub Projects AI ML/ml-agents-release_17/com.unity.ml-agents/Runtime/Academy.cs:589)
Unity.MLAgents.AcademyFixedUpdateStepper:FixedUpdate () (at D:/Unity Hub Projects AI ML/ml-agents-release_17/com.unity.ml-agents/Runtime/Academy.cs:43)

(Filename: D:/Unity Hub Projects AI ML/ma-unity/ultron_yolo-unity/Assets/Scripts/DroneAgent.cs Line: 67)

collected !
UnityEngine.StackTraceUtility:ExtractStackTrace ()
UnityEngine.DebugLogHandler:LogFormat (UnityEngine.LogType,UnityEngine.Object,string,object[])
UnityEngine.Logger:Log (UnityEngine.LogType,object)
UnityEngine.Debug:Log (object)
UnityEngine.MonoBehaviour:print (object)
DroneAgent:Update () (at D:/Unity Hub Projects AI ML/ma-unity/ultron_yolo-unity/Assets/Scripts/DroneAgent.cs:234)

(Filename: D:/Unity Hub Projects AI ML/ma-unity/ultron_yolo-unity/Assets/Scripts/DroneAgent.cs Line: 234)

episodebegin, countCollected: 1
UnityEngine.StackTraceUtility:ExtractStackTrace ()
UnityEngine.DebugLogHandler:LogFormat (UnityEngine.LogType,UnityEngine.Object,string,object[])
UnityEngine.Logger:Log (UnityEngine.LogType,object)
UnityEngine.Debug:Log (object)
UnityEngine.MonoBehaviour:print (object)
DroneAgent:OnEpisodeBegin () (at D:/Unity Hub Projects AI ML/ma-unity/ultron_yolo-unity/Assets/Scripts/DroneAgent.cs:67)
Unity.MLAgents.Agent:_AgentReset () (at D:/Unity Hub Projects AI ML/ml-agents-release_17/com.unity.ml-agents/Runtime/Agent.cs:1299)
Unity.MLAgents.Agent:AgentStep () (at D:/Unity Hub Projects AI ML/ml-agents-release_17/com.unity.ml-agents/Runtime/Agent.cs:1350)
Unity.MLAgents.Academy:EnvironmentStep () (at D:/Unity Hub Projects AI ML/ml-agents-release_17/com.unity.ml-agents/Runtime/Academy.cs:589)
Unity.MLAgents.AcademyFixedUpdateStepper:FixedUpdate () (at D:/Unity Hub Projects AI ML/ml-agents-release_17/com.unity.ml-agents/Runtime/Academy.cs:43)

(Filename: D:/Unity Hub Projects AI ML/ma-unity/ultron_yolo-unity/Assets/Scripts/DroneAgent.cs Line: 67)

collected !
UnityEngine.StackTraceUtility:ExtractStackTrace ()
UnityEngine.DebugLogHandler:LogFormat (UnityEngine.LogType,UnityEngine.Object,string,object[])
UnityEngine.Logger:Log (UnityEngine.LogType,object)
UnityEngine.Debug:Log (object)
UnityEngine.MonoBehaviour:print (object)
DroneAgent:Update () (at D:/Unity Hub Projects AI ML/ma-unity/ultron_yolo-unity/Assets/Scripts/DroneAgent.cs:234)

(Filename: D:/Unity Hub Projects AI ML/ma-unity/ultron_yolo-unity/Assets/Scripts/DroneAgent.cs Line: 234)

collected !
UnityEngine.StackTraceUtility:ExtractStackTrace ()
UnityEngine.DebugLogHandler:LogFormat (UnityEngine.LogType,UnityEngine.Object,string,object[])
UnityEngine.Logger:Log (UnityEngine.LogType,object)
UnityEngine.Debug:Log (object)
UnityEngine.MonoBehaviour:print (object)
DroneAgent:Update () (at D:/Unity Hub Projects AI ML/ma-unity/ultron_yolo-unity/Assets/Scripts/DroneAgent.cs:234)

(Filename: D:/Unity Hub Projects AI ML/ma-unity/ultron_yolo-unity/Assets/Scripts/DroneAgent.cs Line: 234)

collected !
UnityEngine.StackTraceUtility:ExtractStackTrace ()
UnityEngine.DebugLogHandler:LogFormat (UnityEngine.LogType,UnityEngine.Object,string,object[])
UnityEngine.Logger:Log (UnityEngine.LogType,object)
UnityEngine.Debug:Log (object)
UnityEngine.MonoBehaviour:print (object)
DroneAgent:Update () (at D:/Unity Hub Projects AI ML/ma-unity/ultron_yolo-unity/Assets/Scripts/DroneAgent.cs:234)

(Filename: D:/Unity Hub Projects AI ML/ma-unity/ultron_yolo-unity/Assets/Scripts/DroneAgent.cs Line: 234)

collected !
UnityEngine.StackTraceUtility:ExtractStackTrace ()
UnityEngine.DebugLogHandler:LogFormat (UnityEngine.LogType,UnityEngine.Object,string,object[])
UnityEngine.Logger:Log (UnityEngine.LogType,object)
UnityEngine.Debug:Log (object)
UnityEngine.MonoBehaviour:print (object)
DroneAgent:Update () (at D:/Unity Hub Projects AI ML/ma-unity/ultron_yolo-unity/Assets/Scripts/DroneAgent.cs:234)

(Filename: D:/Unity Hub Projects AI ML/ma-unity/ultron_yolo-unity/Assets/Scripts/DroneAgent.cs Line: 234)

collected !
UnityEngine.StackTraceUtility:ExtractStackTrace ()
UnityEngine.DebugLogHandler:LogFormat (UnityEngine.LogType,UnityEngine.Object,string,object[])
UnityEngine.Logger:Log (UnityEngine.LogType,object)
UnityEngine.Debug:Log (object)
UnityEngine.MonoBehaviour:print (object)
DroneAgent:Update () (at D:/Unity Hub Projects AI ML/ma-unity/ultron_yolo-unity/Assets/Scripts/DroneAgent.cs:234)

(Filename: D:/Unity Hub Projects AI ML/ma-unity/ultron_yolo-unity/Assets/Scripts/DroneAgent.cs Line: 234)

collected !
UnityEngine.StackTraceUtility:ExtractStackTrace ()
UnityEngine.DebugLogHandler:LogFormat (UnityEngine.LogType,UnityEngine.Object,string,object[])
UnityEngine.Logger:Log (UnityEngine.LogType,object)
UnityEngine.Debug:Log (object)
UnityEngine.MonoBehaviour:print (object)
DroneAgent:Update () (at D:/Unity Hub Projects AI ML/ma-unity/ultron_yolo-unity/Assets/Scripts/DroneAgent.cs:234)

(Filename: D:/Unity Hub Projects AI ML/ma-unity/ultron_yolo-unity/Assets/Scripts/DroneAgent.cs Line: 234)

collected !
UnityEngine.StackTraceUtility:ExtractStackTrace ()
UnityEngine.DebugLogHandler:LogFormat (UnityEngine.LogType,UnityEngine.Object,string,object[])
UnityEngine.Logger:Log (UnityEngine.LogType,object)
UnityEngine.Debug:Log (object)
UnityEngine.MonoBehaviour:print (object)
DroneAgent:Update () (at D:/Unity Hub Projects AI ML/ma-unity/ultron_yolo-unity/Assets/Scripts/DroneAgent.cs:234)

(Filename: D:/Unity Hub Projects AI ML/ma-unity/ultron_yolo-unity/Assets/Scripts/DroneAgent.cs Line: 234)

collected !
UnityEngine.StackTraceUtility:ExtractStackTrace ()
UnityEngine.DebugLogHandler:LogFormat (UnityEngine.LogType,UnityEngine.Object,string,object[])
UnityEngine.Logger:Log (UnityEngine.LogType,object)
UnityEngine.Debug:Log (object)
UnityEngine.MonoBehaviour:print (object)
DroneAgent:Update () (at D:/Unity Hub Projects AI ML/ma-unity/ultron_yolo-unity/Assets/Scripts/DroneAgent.cs:234)

(Filename: D:/Unity Hub Projects AI ML/ma-unity/ultron_yolo-unity/Assets/Scripts/DroneAgent.cs Line: 234)

collected !
UnityEngine.StackTraceUtility:ExtractStackTrace ()
UnityEngine.DebugLogHandler:LogFormat (UnityEngine.LogType,UnityEngine.Object,string,object[])
UnityEngine.Logger:Log (UnityEngine.LogType,object)
UnityEngine.Debug:Log (object)
UnityEngine.MonoBehaviour:print (object)
DroneAgent:Update () (at D:/Unity Hub Projects AI ML/ma-unity/ultron_yolo-unity/Assets/Scripts/DroneAgent.cs:234)

(Filename: D:/Unity Hub Projects AI ML/ma-unity/ultron_yolo-unity/Assets/Scripts/DroneAgent.cs Line: 234)

collected !
UnityEngine.StackTraceUtility:ExtractStackTrace ()
UnityEngine.DebugLogHandler:LogFormat (UnityEngine.LogType,UnityEngine.Object,string,object[])
UnityEngine.Logger:Log (UnityEngine.LogType,object)
UnityEngine.Debug:Log (object)
UnityEngine.MonoBehaviour:print (object)
DroneAgent:Update () (at D:/Unity Hub Projects AI ML/ma-unity/ultron_yolo-unity/Assets/Scripts/DroneAgent.cs:234)

(Filename: D:/Unity Hub Projects AI ML/ma-unity/ultron_yolo-unity/Assets/Scripts/DroneAgent.cs Line: 234)

episodebegin, countCollected: 10
UnityEngine.StackTraceUtility:ExtractStackTrace ()
UnityEngine.DebugLogHandler:LogFormat (UnityEngine.LogType,UnityEngine.Object,string,object[])
UnityEngine.Logger:Log (UnityEngine.LogType,object)
UnityEngine.Debug:Log (object)
UnityEngine.MonoBehaviour:print (object)
DroneAgent:OnEpisodeBegin () (at D:/Unity Hub Projects AI ML/ma-unity/ultron_yolo-unity/Assets/Scripts/DroneAgent.cs:67)
Unity.MLAgents.Agent:_AgentReset () (at D:/Unity Hub Projects AI ML/ml-agents-release_17/com.unity.ml-agents/Runtime/Agent.cs:1299)
Unity.MLAgents.Agent:AgentStep () (at D:/Unity Hub Projects AI ML/ml-agents-release_17/com.unity.ml-agents/Runtime/Agent.cs:1350)
Unity.MLAgents.Academy:EnvironmentStep () (at D:/Unity Hub Projects AI ML/ml-agents-release_17/com.unity.ml-agents/Runtime/Academy.cs:589)
Unity.MLAgents.AcademyFixedUpdateStepper:FixedUpdate () (at D:/Unity Hub Projects AI ML/ml-agents-release_17/com.unity.ml-agents/Runtime/Academy.cs:43)

(Filename: D:/Unity Hub Projects AI ML/ma-unity/ultron_yolo-unity/Assets/Scripts/DroneAgent.cs Line: 67)

collected !
UnityEngine.StackTraceUtility:ExtractStackTrace ()
UnityEngine.DebugLogHandler:LogFormat (UnityEngine.LogType,UnityEngine.Object,string,object[])
UnityEngine.Logger:Log (UnityEngine.LogType,object)
UnityEngine.Debug:Log (object)
UnityEngine.MonoBehaviour:print (object)
DroneAgent:Update () (at D:/Unity Hub Projects AI ML/ma-unity/ultron_yolo-unity/Assets/Scripts/DroneAgent.cs:234)

(Filename: D:/Unity Hub Projects AI ML/ma-unity/ultron_yolo-unity/Assets/Scripts/DroneAgent.cs Line: 234)

collected !
UnityEngine.StackTraceUtility:ExtractStackTrace ()
UnityEngine.DebugLogHandler:LogFormat (UnityEngine.LogType,UnityEngine.Object,string,object[])
UnityEngine.Logger:Log (UnityEngine.LogType,object)
UnityEngine.Debug:Log (object)
UnityEngine.MonoBehaviour:print (object)
DroneAgent:Update () (at D:/Unity Hub Projects AI ML/ma-unity/ultron_yolo-unity/Assets/Scripts/DroneAgent.cs:234)

(Filename: D:/Unity Hub Projects AI ML/ma-unity/ultron_yolo-unity/Assets/Scripts/DroneAgent.cs Line: 234)

collected !
UnityEngine.StackTraceUtility:ExtractStackTrace ()
UnityEngine.DebugLogHandler:LogFormat (UnityEngine.LogType,UnityEngine.Object,string,object[])
UnityEngine.Logger:Log (UnityEngine.LogType,object)
UnityEngine.Debug:Log (object)
UnityEngine.MonoBehaviour:print (object)
DroneAgent:Update () (at D:/Unity Hub Projects AI ML/ma-unity/ultron_yolo-unity/Assets/Scripts/DroneAgent.cs:234)

(Filename: D:/Unity Hub Projects AI ML/ma-unity/ultron_yolo-unity/Assets/Scripts/DroneAgent.cs Line: 234)

collected !
UnityEngine.StackTraceUtility:ExtractStackTrace ()
UnityEngine.DebugLogHandler:LogFormat (UnityEngine.LogType,UnityEngine.Object,string,object[])
UnityEngine.Logger:Log (UnityEngine.LogType,object)
UnityEngine.Debug:Log (object)
UnityEngine.MonoBehaviour:print (object)
DroneAgent:Update () (at D:/Unity Hub Projects AI ML/ma-unity/ultron_yolo-unity/Assets/Scripts/DroneAgent.cs:234)

(Filename: D:/Unity Hub Projects AI ML/ma-unity/ultron_yolo-unity/Assets/Scripts/DroneAgent.cs Line: 234)

collected !
UnityEngine.StackTraceUtility:ExtractStackTrace ()
UnityEngine.DebugLogHandler:LogFormat (UnityEngine.LogType,UnityEngine.Object,string,object[])
UnityEngine.Logger:Log (UnityEngine.LogType,object)
UnityEngine.Debug:Log (object)
UnityEngine.MonoBehaviour:print (object)
DroneAgent:Update () (at D:/Unity Hub Projects AI ML/ma-unity/ultron_yolo-unity/Assets/Scripts/DroneAgent.cs:234)

(Filename: D:/Unity Hub Projects AI ML/ma-unity/ultron_yolo-unity/Assets/Scripts/DroneAgent.cs Line: 234)

collected !
UnityEngine.StackTraceUtility:ExtractStackTrace ()
UnityEngine.DebugLogHandler:LogFormat (UnityEngine.LogType,UnityEngine.Object,string,object[])
UnityEngine.Logger:Log (UnityEngine.LogType,object)
UnityEngine.Debug:Log (object)
UnityEngine.MonoBehaviour:print (object)
DroneAgent:Update () (at D:/Unity Hub Projects AI ML/ma-unity/ultron_yolo-unity/Assets/Scripts/DroneAgent.cs:234)

(Filename: D:/Unity Hub Projects AI ML/ma-unity/ultron_yolo-unity/Assets/Scripts/DroneAgent.cs Line: 234)

collected !
UnityEngine.StackTraceUtility:ExtractStackTrace ()
UnityEngine.DebugLogHandler:LogFormat (UnityEngine.LogType,UnityEngine.Object,string,object[])
UnityEngine.Logger:Log (UnityEngine.LogType,object)
UnityEngine.Debug:Log (object)
UnityEngine.MonoBehaviour:print (object)
DroneAgent:Update () (at D:/Unity Hub Projects AI ML/ma-unity/ultron_yolo-unity/Assets/Scripts/DroneAgent.cs:234)

(Filename: D:/Unity Hub Projects AI ML/ma-unity/ultron_yolo-unity/Assets/Scripts/DroneAgent.cs Line: 234)

collected !
UnityEngine.StackTraceUtility:ExtractStackTrace ()
UnityEngine.DebugLogHandler:LogFormat (UnityEngine.LogType,UnityEngine.Object,string,object[])
UnityEngine.Logger:Log (UnityEngine.LogType,object)
UnityEngine.Debug:Log (object)
UnityEngine.MonoBehaviour:print (object)
DroneAgent:Update () (at D:/Unity Hub Projects AI ML/ma-unity/ultron_yolo-unity/Assets/Scripts/DroneAgent.cs:234)

(Filename: D:/Unity Hub Projects AI ML/ma-unity/ultron_yolo-unity/Assets/Scripts/DroneAgent.cs Line: 234)

collected !
UnityEngine.StackTraceUtility:ExtractStackTrace ()
UnityEngine.DebugLogHandler:LogFormat (UnityEngine.LogType,UnityEngine.Object,string,object[])
UnityEngine.Logger:Log (UnityEngine.LogType,object)
UnityEngine.Debug:Log (object)
UnityEngine.MonoBehaviour:print (object)
DroneAgent:Update () (at D:/Unity Hub Projects AI ML/ma-unity/ultron_yolo-unity/Assets/Scripts/DroneAgent.cs:234)

(Filename: D:/Unity Hub Projects AI ML/ma-unity/ultron_yolo-unity/Assets/Scripts/DroneAgent.cs Line: 234)

collected !
UnityEngine.StackTraceUtility:ExtractStackTrace ()
UnityEngine.DebugLogHandler:LogFormat (UnityEngine.LogType,UnityEngine.Object,string,object[])
UnityEngine.Logger:Log (UnityEngine.LogType,object)
UnityEngine.Debug:Log (object)
UnityEngine.MonoBehaviour:print (object)
DroneAgent:Update () (at D:/Unity Hub Projects AI ML/ma-unity/ultron_yolo-unity/Assets/Scripts/DroneAgent.cs:234)

(Filename: D:/Unity Hub Projects AI ML/ma-unity/ultron_yolo-unity/Assets/Scripts/DroneAgent.cs Line: 234)

collected !
UnityEngine.StackTraceUtility:ExtractStackTrace ()
UnityEngine.DebugLogHandler:LogFormat (UnityEngine.LogType,UnityEngine.Object,string,object[])
UnityEngine.Logger:Log (UnityEngine.LogType,object)
UnityEngine.Debug:Log (object)
UnityEngine.MonoBehaviour:print (object)
DroneAgent:Update () (at D:/Unity Hub Projects AI ML/ma-unity/ultron_yolo-unity/Assets/Scripts/DroneAgent.cs:234)

(Filename: D:/Unity Hub Projects AI ML/ma-unity/ultron_yolo-unity/Assets/Scripts/DroneAgent.cs Line: 234)

collected !
UnityEngine.StackTraceUtility:ExtractStackTrace ()
UnityEngine.DebugLogHandler:LogFormat (UnityEngine.LogType,UnityEngine.Object,string,object[])
UnityEngine.Logger:Log (UnityEngine.LogType,object)
UnityEngine.Debug:Log (object)
UnityEngine.MonoBehaviour:print (object)
DroneAgent:Update () (at D:/Unity Hub Projects AI ML/ma-unity/ultron_yolo-unity/Assets/Scripts/DroneAgent.cs:234)

(Filename: D:/Unity Hub Projects AI ML/ma-unity/ultron_yolo-unity/Assets/Scripts/DroneAgent.cs Line: 234)

episodebegin, countCollected: 12
UnityEngine.StackTraceUtility:ExtractStackTrace ()
UnityEngine.DebugLogHandler:LogFormat (UnityEngine.LogType,UnityEngine.Object,string,object[])
UnityEngine.Logger:Log (UnityEngine.LogType,object)
UnityEngine.Debug:Log (object)
UnityEngine.MonoBehaviour:print (object)
DroneAgent:OnEpisodeBegin () (at D:/Unity Hub Projects AI ML/ma-unity/ultron_yolo-unity/Assets/Scripts/DroneAgent.cs:67)
Unity.MLAgents.Agent:_AgentReset () (at D:/Unity Hub Projects AI ML/ml-agents-release_17/com.unity.ml-agents/Runtime/Agent.cs:1299)
Unity.MLAgents.Agent:AgentStep () (at D:/Unity Hub Projects AI ML/ml-agents-release_17/com.unity.ml-agents/Runtime/Agent.cs:1350)
Unity.MLAgents.Academy:EnvironmentStep () (at D:/Unity Hub Projects AI ML/ml-agents-release_17/com.unity.ml-agents/Runtime/Academy.cs:589)
Unity.MLAgents.AcademyFixedUpdateStepper:FixedUpdate () (at D:/Unity Hub Projects AI ML/ml-agents-release_17/com.unity.ml-agents/Runtime/Academy.cs:43)

(Filename: D:/Unity Hub Projects AI ML/ma-unity/ultron_yolo-unity/Assets/Scripts/DroneAgent.cs Line: 67)

collected !
UnityEngine.StackTraceUtility:ExtractStackTrace ()
UnityEngine.DebugLogHandler:LogFormat (UnityEngine.LogType,UnityEngine.Object,string,object[])
UnityEngine.Logger:Log (UnityEngine.LogType,object)
UnityEngine.Debug:Log (object)
UnityEngine.MonoBehaviour:print (object)
DroneAgent:Update () (at D:/Unity Hub Projects AI ML/ma-unity/ultron_yolo-unity/Assets/Scripts/DroneAgent.cs:234)

(Filename: D:/Unity Hub Projects AI ML/ma-unity/ultron_yolo-unity/Assets/Scripts/DroneAgent.cs Line: 234)

collected !
UnityEngine.StackTraceUtility:ExtractStackTrace ()
UnityEngine.DebugLogHandler:LogFormat (UnityEngine.LogType,UnityEngine.Object,string,object[])
UnityEngine.Logger:Log (UnityEngine.LogType,object)
UnityEngine.Debug:Log (object)
UnityEngine.MonoBehaviour:print (object)
DroneAgent:Update () (at D:/Unity Hub Projects AI ML/ma-unity/ultron_yolo-unity/Assets/Scripts/DroneAgent.cs:234)

(Filename: D:/Unity Hub Projects AI ML/ma-unity/ultron_yolo-unity/Assets/Scripts/DroneAgent.cs Line: 234)

collected !
UnityEngine.StackTraceUtility:ExtractStackTrace ()
UnityEngine.DebugLogHandler:LogFormat (UnityEngine.LogType,UnityEngine.Object,string,object[])
UnityEngine.Logger:Log (UnityEngine.LogType,object)
UnityEngine.Debug:Log (object)
UnityEngine.MonoBehaviour:print (object)
DroneAgent:Update () (at D:/Unity Hub Projects AI ML/ma-unity/ultron_yolo-unity/Assets/Scripts/DroneAgent.cs:234)

(Filename: D:/Unity Hub Projects AI ML/ma-unity/ultron_yolo-unity/Assets/Scripts/DroneAgent.cs Line: 234)

collected !
UnityEngine.StackTraceUtility:ExtractStackTrace ()
UnityEngine.DebugLogHandler:LogFormat (UnityEngine.LogType,UnityEngine.Object,string,object[])
UnityEngine.Logger:Log (UnityEngine.LogType,object)
UnityEngine.Debug:Log (object)
UnityEngine.MonoBehaviour:print (object)
DroneAgent:Update () (at D:/Unity Hub Projects AI ML/ma-unity/ultron_yolo-unity/Assets/Scripts/DroneAgent.cs:234)

(Filename: D:/Unity Hub Projects AI ML/ma-unity/ultron_yolo-unity/Assets/Scripts/DroneAgent.cs Line: 234)

collected !
UnityEngine.StackTraceUtility:ExtractStackTrace ()
UnityEngine.DebugLogHandler:LogFormat (UnityEngine.LogType,UnityEngine.Object,string,object[])
UnityEngine.Logger:Log (UnityEngine.LogType,object)
UnityEngine.Debug:Log (object)
UnityEngine.MonoBehaviour:print (object)
DroneAgent:Update () (at D:/Unity Hub Projects AI ML/ma-unity/ultron_yolo-unity/Assets/Scripts/DroneAgent.cs:234)

(Filename: D:/Unity Hub Projects AI ML/ma-unity/ultron_yolo-unity/Assets/Scripts/DroneAgent.cs Line: 234)

collected !
UnityEngine.StackTraceUtility:ExtractStackTrace ()
UnityEngine.DebugLogHandler:LogFormat (UnityEngine.LogType,UnityEngine.Object,string,object[])
UnityEngine.Logger:Log (UnityEngine.LogType,object)
UnityEngine.Debug:Log (object)
UnityEngine.MonoBehaviour:print (object)
DroneAgent:Update () (at D:/Unity Hub Projects AI ML/ma-unity/ultron_yolo-unity/Assets/Scripts/DroneAgent.cs:234)

(Filename: D:/Unity Hub Projects AI ML/ma-unity/ultron_yolo-unity/Assets/Scripts/DroneAgent.cs Line: 234)

collected !
UnityEngine.StackTraceUtility:ExtractStackTrace ()
UnityEngine.DebugLogHandler:LogFormat (UnityEngine.LogType,UnityEngine.Object,string,object[])
UnityEngine.Logger:Log (UnityEngine.LogType,object)
UnityEngine.Debug:Log (object)
UnityEngine.MonoBehaviour:print (object)
DroneAgent:Update () (at D:/Unity Hub Projects AI ML/ma-unity/ultron_yolo-unity/Assets/Scripts/DroneAgent.cs:234)

(Filename: D:/Unity Hub Projects AI ML/ma-unity/ultron_yolo-unity/Assets/Scripts/DroneAgent.cs Line: 234)

collected !
UnityEngine.StackTraceUtility:ExtractStackTrace ()
UnityEngine.DebugLogHandler:LogFormat (UnityEngine.LogType,UnityEngine.Object,string,object[])
UnityEngine.Logger:Log (UnityEngine.LogType,object)
UnityEngine.Debug:Log (object)
UnityEngine.MonoBehaviour:print (object)
DroneAgent:Update () (at D:/Unity Hub Projects AI ML/ma-unity/ultron_yolo-unity/Assets/Scripts/DroneAgent.cs:234)

(Filename: D:/Unity Hub Projects AI ML/ma-unity/ultron_yolo-unity/Assets/Scripts/DroneAgent.cs Line: 234)

collected !
UnityEngine.StackTraceUtility:ExtractStackTrace ()
UnityEngine.DebugLogHandler:LogFormat (UnityEngine.LogType,UnityEngine.Object,string,object[])
UnityEngine.Logger:Log (UnityEngine.LogType,object)
UnityEngine.Debug:Log (object)
UnityEngine.MonoBehaviour:print (object)
DroneAgent:Update () (at D:/Unity Hub Projects AI ML/ma-unity/ultron_yolo-unity/Assets/Scripts/DroneAgent.cs:234)

(Filename: D:/Unity Hub Projects AI ML/ma-unity/ultron_yolo-unity/Assets/Scripts/DroneAgent.cs Line: 234)

collected !
UnityEngine.StackTraceUtility:ExtractStackTrace ()
UnityEngine.DebugLogHandler:LogFormat (UnityEngine.LogType,UnityEngine.Object,string,object[])
UnityEngine.Logger:Log (UnityEngine.LogType,object)
UnityEngine.Debug:Log (object)
UnityEngine.MonoBehaviour:print (object)
DroneAgent:Update () (at D:/Unity Hub Projects AI ML/ma-unity/ultron_yolo-unity/Assets/Scripts/DroneAgent.cs:234)

(Filename: D:/Unity Hub Projects AI ML/ma-unity/ultron_yolo-unity/Assets/Scripts/DroneAgent.cs Line: 234)

collected !
UnityEngine.StackTraceUtility:ExtractStackTrace ()
UnityEngine.DebugLogHandler:LogFormat (UnityEngine.LogType,UnityEngine.Object,string,object[])
UnityEngine.Logger:Log (UnityEngine.LogType,object)
UnityEngine.Debug:Log (object)
UnityEngine.MonoBehaviour:print (object)
DroneAgent:Update () (at D:/Unity Hub Projects AI ML/ma-unity/ultron_yolo-unity/Assets/Scripts/DroneAgent.cs:234)

(Filename: D:/Unity Hub Projects AI ML/ma-unity/ultron_yolo-unity/Assets/Scripts/DroneAgent.cs Line: 234)

collected !
UnityEngine.StackTraceUtility:ExtractStackTrace ()
UnityEngine.DebugLogHandler:LogFormat (UnityEngine.LogType,UnityEngine.Object,string,object[])
UnityEngine.Logger:Log (UnityEngine.LogType,object)
UnityEngine.Debug:Log (object)
UnityEngine.MonoBehaviour:print (object)
DroneAgent:Update () (at D:/Unity Hub Projects AI ML/ma-unity/ultron_yolo-unity/Assets/Scripts/DroneAgent.cs:234)

(Filename: D:/Unity Hub Projects AI ML/ma-unity/ultron_yolo-unity/Assets/Scripts/DroneAgent.cs Line: 234)

collected !
UnityEngine.StackTraceUtility:ExtractStackTrace ()
UnityEngine.DebugLogHandler:LogFormat (UnityEngine.LogType,UnityEngine.Object,string,object[])
UnityEngine.Logger:Log (UnityEngine.LogType,object)
UnityEngine.Debug:Log (object)
UnityEngine.MonoBehaviour:print (object)
DroneAgent:Update () (at D:/Unity Hub Projects AI ML/ma-unity/ultron_yolo-unity/Assets/Scripts/DroneAgent.cs:234)

(Filename: D:/Unity Hub Projects AI ML/ma-unity/ultron_yolo-unity/Assets/Scripts/DroneAgent.cs Line: 234)

episodebegin, countCollected: 13
UnityEngine.StackTraceUtility:ExtractStackTrace ()
UnityEngine.DebugLogHandler:LogFormat (UnityEngine.LogType,UnityEngine.Object,string,object[])
UnityEngine.Logger:Log (UnityEngine.LogType,object)
UnityEngine.Debug:Log (object)
UnityEngine.MonoBehaviour:print (object)
DroneAgent:OnEpisodeBegin () (at D:/Unity Hub Projects AI ML/ma-unity/ultron_yolo-unity/Assets/Scripts/DroneAgent.cs:67)
Unity.MLAgents.Agent:_AgentReset () (at D:/Unity Hub Projects AI ML/ml-agents-release_17/com.unity.ml-agents/Runtime/Agent.cs:1299)
Unity.MLAgents.Agent:AgentStep () (at D:/Unity Hub Projects AI ML/ml-agents-release_17/com.unity.ml-agents/Runtime/Agent.cs:1350)
Unity.MLAgents.Academy:EnvironmentStep () (at D:/Unity Hub Projects AI ML/ml-agents-release_17/com.unity.ml-agents/Runtime/Academy.cs:589)
Unity.MLAgents.AcademyFixedUpdateStepper:FixedUpdate () (at D:/Unity Hub Projects AI ML/ml-agents-release_17/com.unity.ml-agents/Runtime/Academy.cs:43)

(Filename: D:/Unity Hub Projects AI ML/ma-unity/ultron_yolo-unity/Assets/Scripts/DroneAgent.cs Line: 67)

collected !
UnityEngine.StackTraceUtility:ExtractStackTrace ()
UnityEngine.DebugLogHandler:LogFormat (UnityEngine.LogType,UnityEngine.Object,string,object[])
UnityEngine.Logger:Log (UnityEngine.LogType,object)
UnityEngine.Debug:Log (object)
UnityEngine.MonoBehaviour:print (object)
DroneAgent:Update () (at D:/Unity Hub Projects AI ML/ma-unity/ultron_yolo-unity/Assets/Scripts/DroneAgent.cs:234)

(Filename: D:/Unity Hub Projects AI ML/ma-unity/ultron_yolo-unity/Assets/Scripts/DroneAgent.cs Line: 234)

collected !
UnityEngine.StackTraceUtility:ExtractStackTrace ()
UnityEngine.DebugLogHandler:LogFormat (UnityEngine.LogType,UnityEngine.Object,string,object[])
UnityEngine.Logger:Log (UnityEngine.LogType,object)
UnityEngine.Debug:Log (object)
UnityEngine.MonoBehaviour:print (object)
DroneAgent:Update () (at D:/Unity Hub Projects AI ML/ma-unity/ultron_yolo-unity/Assets/Scripts/DroneAgent.cs:234)

(Filename: D:/Unity Hub Projects AI ML/ma-unity/ultron_yolo-unity/Assets/Scripts/DroneAgent.cs Line: 234)

collected !
UnityEngine.StackTraceUtility:ExtractStackTrace ()
UnityEngine.DebugLogHandler:LogFormat (UnityEngine.LogType,UnityEngine.Object,string,object[])
UnityEngine.Logger:Log (UnityEngine.LogType,object)
UnityEngine.Debug:Log (object)
UnityEngine.MonoBehaviour:print (object)
DroneAgent:Update () (at D:/Unity Hub Projects AI ML/ma-unity/ultron_yolo-unity/Assets/Scripts/DroneAgent.cs:234)

(Filename: D:/Unity Hub Projects AI ML/ma-unity/ultron_yolo-unity/Assets/Scripts/DroneAgent.cs Line: 234)

collected !
UnityEngine.StackTraceUtility:ExtractStackTrace ()
UnityEngine.DebugLogHandler:LogFormat (UnityEngine.LogType,UnityEngine.Object,string,object[])
UnityEngine.Logger:Log (UnityEngine.LogType,object)
UnityEngine.Debug:Log (object)
UnityEngine.MonoBehaviour:print (object)
DroneAgent:Update () (at D:/Unity Hub Projects AI ML/ma-unity/ultron_yolo-unity/Assets/Scripts/DroneAgent.cs:234)

(Filename: D:/Unity Hub Projects AI ML/ma-unity/ultron_yolo-unity/Assets/Scripts/DroneAgent.cs Line: 234)

collected !
UnityEngine.StackTraceUtility:ExtractStackTrace ()
UnityEngine.DebugLogHandler:LogFormat (UnityEngine.LogType,UnityEngine.Object,string,object[])
UnityEngine.Logger:Log (UnityEngine.LogType,object)
UnityEngine.Debug:Log (object)
UnityEngine.MonoBehaviour:print (object)
DroneAgent:Update () (at D:/Unity Hub Projects AI ML/ma-unity/ultron_yolo-unity/Assets/Scripts/DroneAgent.cs:234)

(Filename: D:/Unity Hub Projects AI ML/ma-unity/ultron_yolo-unity/Assets/Scripts/DroneAgent.cs Line: 234)

collected !
UnityEngine.StackTraceUtility:ExtractStackTrace ()
UnityEngine.DebugLogHandler:LogFormat (UnityEngine.LogType,UnityEngine.Object,string,object[])
UnityEngine.Logger:Log (UnityEngine.LogType,object)
UnityEngine.Debug:Log (object)
UnityEngine.MonoBehaviour:print (object)
DroneAgent:Update () (at D:/Unity Hub Projects AI ML/ma-unity/ultron_yolo-unity/Assets/Scripts/DroneAgent.cs:234)

(Filename: D:/Unity Hub Projects AI ML/ma-unity/ultron_yolo-unity/Assets/Scripts/DroneAgent.cs Line: 234)

collected !
UnityEngine.StackTraceUtility:ExtractStackTrace ()
UnityEngine.DebugLogHandler:LogFormat (UnityEngine.LogType,UnityEngine.Object,string,object[])
UnityEngine.Logger:Log (UnityEngine.LogType,object)
UnityEngine.Debug:Log (object)
UnityEngine.MonoBehaviour:print (object)
DroneAgent:Update () (at D:/Unity Hub Projects AI ML/ma-unity/ultron_yolo-unity/Assets/Scripts/DroneAgent.cs:234)

(Filename: D:/Unity Hub Projects AI ML/ma-unity/ultron_yolo-unity/Assets/Scripts/DroneAgent.cs Line: 234)

collected !
UnityEngine.StackTraceUtility:ExtractStackTrace ()
UnityEngine.DebugLogHandler:LogFormat (UnityEngine.LogType,UnityEngine.Object,string,object[])
UnityEngine.Logger:Log (UnityEngine.LogType,object)
UnityEngine.Debug:Log (object)
UnityEngine.MonoBehaviour:print (object)
DroneAgent:Update () (at D:/Unity Hub Projects AI ML/ma-unity/ultron_yolo-unity/Assets/Scripts/DroneAgent.cs:234)

(Filename: D:/Unity Hub Projects AI ML/ma-unity/ultron_yolo-unity/Assets/Scripts/DroneAgent.cs Line: 234)

collected !
UnityEngine.StackTraceUtility:ExtractStackTrace ()
UnityEngine.DebugLogHandler:LogFormat (UnityEngine.LogType,UnityEngine.Object,string,object[])
UnityEngine.Logger:Log (UnityEngine.LogType,object)
UnityEngine.Debug:Log (object)
UnityEngine.MonoBehaviour:print (object)
DroneAgent:Update () (at D:/Unity Hub Projects AI ML/ma-unity/ultron_yolo-unity/Assets/Scripts/DroneAgent.cs:234)

(Filename: D:/Unity Hub Projects AI ML/ma-unity/ultron_yolo-unity/Assets/Scripts/DroneAgent.cs Line: 234)

collected !
UnityEngine.StackTraceUtility:ExtractStackTrace ()
UnityEngine.DebugLogHandler:LogFormat (UnityEngine.LogType,UnityEngine.Object,string,object[])
UnityEngine.Logger:Log (UnityEngine.LogType,object)
UnityEngine.Debug:Log (object)
UnityEngine.MonoBehaviour:print (object)
DroneAgent:Update () (at D:/Unity Hub Projects AI ML/ma-unity/ultron_yolo-unity/Assets/Scripts/DroneAgent.cs:234)

(Filename: D:/Unity Hub Projects AI ML/ma-unity/ultron_yolo-unity/Assets/Scripts/DroneAgent.cs Line: 234)

collected !
UnityEngine.StackTraceUtility:ExtractStackTrace ()
UnityEngine.DebugLogHandler:LogFormat (UnityEngine.LogType,UnityEngine.Object,string,object[])
UnityEngine.Logger:Log (UnityEngine.LogType,object)
UnityEngine.Debug:Log (object)
UnityEngine.MonoBehaviour:print (object)
DroneAgent:Update () (at D:/Unity Hub Projects AI ML/ma-unity/ultron_yolo-unity/Assets/Scripts/DroneAgent.cs:234)

(Filename: D:/Unity Hub Projects AI ML/ma-unity/ultron_yolo-unity/Assets/Scripts/DroneAgent.cs Line: 234)

collected !
UnityEngine.StackTraceUtility:ExtractStackTrace ()
UnityEngine.DebugLogHandler:LogFormat (UnityEngine.LogType,UnityEngine.Object,string,object[])
UnityEngine.Logger:Log (UnityEngine.LogType,object)
UnityEngine.Debug:Log (object)
UnityEngine.MonoBehaviour:print (object)
DroneAgent:Update () (at D:/Unity Hub Projects AI ML/ma-unity/ultron_yolo-unity/Assets/Scripts/DroneAgent.cs:234)

(Filename: D:/Unity Hub Projects AI ML/ma-unity/ultron_yolo-unity/Assets/Scripts/DroneAgent.cs Line: 234)

collected !
UnityEngine.StackTraceUtility:ExtractStackTrace ()
UnityEngine.DebugLogHandler:LogFormat (UnityEngine.LogType,UnityEngine.Object,string,object[])
UnityEngine.Logger:Log (UnityEngine.LogType,object)
UnityEngine.Debug:Log (object)
UnityEngine.MonoBehaviour:print (object)
DroneAgent:Update () (at D:/Unity Hub Projects AI ML/ma-unity/ultron_yolo-unity/Assets/Scripts/DroneAgent.cs:234)

(Filename: D:/Unity Hub Projects AI ML/ma-unity/ultron_yolo-unity/Assets/Scripts/DroneAgent.cs Line: 234)

collected !
UnityEngine.StackTraceUtility:ExtractStackTrace ()
UnityEngine.DebugLogHandler:LogFormat (UnityEngine.LogType,UnityEngine.Object,string,object[])
UnityEngine.Logger:Log (UnityEngine.LogType,object)
UnityEngine.Debug:Log (object)
UnityEngine.MonoBehaviour:print (object)
DroneAgent:Update () (at D:/Unity Hub Projects AI ML/ma-unity/ultron_yolo-unity/Assets/Scripts/DroneAgent.cs:234)

(Filename: D:/Unity Hub Projects AI ML/ma-unity/ultron_yolo-unity/Assets/Scripts/DroneAgent.cs Line: 234)

collected !
UnityEngine.StackTraceUtility:ExtractStackTrace ()
UnityEngine.DebugLogHandler:LogFormat (UnityEngine.LogType,UnityEngine.Object,string,object[])
UnityEngine.Logger:Log (UnityEngine.LogType,object)
UnityEngine.Debug:Log (object)
UnityEngine.MonoBehaviour:print (object)
DroneAgent:Update () (at D:/Unity Hub Projects AI ML/ma-unity/ultron_yolo-unity/Assets/Scripts/DroneAgent.cs:234)

(Filename: D:/Unity Hub Projects AI ML/ma-unity/ultron_yolo-unity/Assets/Scripts/DroneAgent.cs Line: 234)

collected !
UnityEngine.StackTraceUtility:ExtractStackTrace ()
UnityEngine.DebugLogHandler:LogFormat (UnityEngine.LogType,UnityEngine.Object,string,object[])
UnityEngine.Logger:Log (UnityEngine.LogType,object)
UnityEngine.Debug:Log (object)
UnityEngine.MonoBehaviour:print (object)
DroneAgent:Update () (at D:/Unity Hub Projects AI ML/ma-unity/ultron_yolo-unity/Assets/Scripts/DroneAgent.cs:234)

(Filename: D:/Unity Hub Projects AI ML/ma-unity/ultron_yolo-unity/Assets/Scripts/DroneAgent.cs Line: 234)

Setting up 6 worker threads for Enlighten.
  Thread -> id: 484 -> priority: 1 
  Thread -> id: 88ec -> priority: 1 
  Thread -> id: 88f4 -> priority: 1 
  Thread -> id: 86d8 -> priority: 1 
  Thread -> id: 6808 -> priority: 1 
  Thread -> id: 8968 -> priority: 1 
PlayerConnection::Cleanup##utp:{"type":"MemoryLeaks","version":2,"phase":"Immediate","time":1624264912161,"processId":34264,"allocatedMemory":201369,"memoryLabels":[{"Permanent":24},{"NewDelete":128},{"Thread":244},{"Manager":1692},{"Geometry":4294966108},{"GfxDevice":196720},{"Serialization":1348},{"WebCam":12},{"String":625},{"HashMap":768},{"PoolAlloc":32},{"GI":184},{"VR":780}]}

