Mono path[0] = 'D:/Unity Hub Projects AI ML/ma-unity/builds/drone2D_simpleGrass/ultron_yolo-unity_Data/Managed'
Mono config path = 'D:/Unity Hub Projects AI ML/ma-unity/builds/drone2D_simpleGrass/MonoBleedingEdge/etc'
PlayerConnection initialized from D:/Unity Hub Projects AI ML/ma-unity/builds/drone2D_simpleGrass/ultron_yolo-unity_Data (debug = 0)
PlayerConnection initialized network socket : 0.0.0.0 55022
Multi-casting "[IP] 160.85.232.77 [Port] 55022 [Flags] 2 [Guid] 2683881688 [EditorId] 4182832641 [Version] 1048832 [Id] WindowsPlayer(DESKTOP-D5Q2KVG) [Debug] 0 [PackageName] WindowsPlayer [ProjectName] ultron_yolo-unity" to [225.0.0.222:54997]...
Started listening to [0.0.0.0:55022]
PlayerConnection already initialized - listening to [0.0.0.0:55022]
Initialize engine version: 2021.1.6f1 (d6fd741ee4c5)
[Subsystems] Discovering subsystems at path D:/Unity Hub Projects AI ML/ma-unity/builds/drone2D_simpleGrass/ultron_yolo-unity_Data/UnitySubsystems
GfxDevice: creating device client; threaded=1; jobified=1
Direct3D:
    Version:  Direct3D 11.0 [level 11.1]
    Renderer: NVIDIA GeForce GTX 1080 (ID=0x1b80)
    Vendor:   NVIDIA
    VRAM:     3072 MB
    Driver:   27.21.14.5206
Begin MonoManager ReloadAssembly
Symbol file data-175EC5F8 doesn't match image D:\Unity Hub Projects AI ML\ma-unity\builds\drone2D_simpleGrass\ultron_yolo-unity_Data\Managed\UnityEngine.dll
Symbol file LoadedFromMemory is not a mono symbol file
Symbol file data-176216A0 doesn't match image D:\Unity Hub Projects AI ML\ma-unity\builds\drone2D_simpleGrass\ultron_yolo-unity_Data\Managed\UnityEngine.AIModule.dll
Symbol file LoadedFromMemory is not a mono symbol file
Symbol file data-175EC5F8 doesn't match image D:\Unity Hub Projects AI ML\ma-unity\builds\drone2D_simpleGrass\ultron_yolo-unity_Data\Managed\UnityEngine.ARModule.dll
Symbol file LoadedFromMemory is not a mono symbol file
Symbol file data-175E7960 doesn't match image D:\Unity Hub Projects AI ML\ma-unity\builds\drone2D_simpleGrass\ultron_yolo-unity_Data\Managed\UnityEngine.AccessibilityModule.dll
Symbol file LoadedFromMemory is not a mono symbol file
Symbol file data-17638EC8 doesn't match image D:\Unity Hub Projects AI ML\ma-unity\builds\drone2D_simpleGrass\ultron_yolo-unity_Data\Managed\UnityEngine.AndroidJNIModule.dll
Symbol file LoadedFromMemory is not a mono symbol file
Symbol file data-1765DAD0 doesn't match image D:\Unity Hub Projects AI ML\ma-unity\builds\drone2D_simpleGrass\ultron_yolo-unity_Data\Managed\UnityEngine.AnimationModule.dll
Symbol file LoadedFromMemory is not a mono symbol file
Symbol file data-176630D8 doesn't match image D:\Unity Hub Projects AI ML\ma-unity\builds\drone2D_simpleGrass\ultron_yolo-unity_Data\Managed\UnityEngine.AssetBundleModule.dll
Symbol file LoadedFromMemory is not a mono symbol file
Symbol file data-176714E0 doesn't match image D:\Unity Hub Projects AI ML\ma-unity\builds\drone2D_simpleGrass\ultron_yolo-unity_Data\Managed\UnityEngine.AudioModule.dll
Symbol file LoadedFromMemory is not a mono symbol file
Symbol file data-175E7960 doesn't match image D:\Unity Hub Projects AI ML\ma-unity\builds\drone2D_simpleGrass\ultron_yolo-unity_Data\Managed\UnityEngine.ClothModule.dll
Symbol file LoadedFromMemory is not a mono symbol file
Symbol file data-175DFB48 doesn't match image D:\Unity Hub Projects AI ML\ma-unity\builds\drone2D_simpleGrass\ultron_yolo-unity_Data\Managed\UnityEngine.ClusterInputModule.dll
Symbol file LoadedFromMemory is not a mono symbol file
Symbol file data-0FC0C670 doesn't match image D:\Unity Hub Projects AI ML\ma-unity\builds\drone2D_simpleGrass\ultron_yolo-unity_Data\Managed\UnityEngine.ClusterRendererModule.dll
Symbol file LoadedFromMemory is not a mono symbol file
Symbol file data-1767E708 doesn't match image D:\Unity Hub Projects AI ML\ma-unity\builds\drone2D_simpleGrass\ultron_yolo-unity_Data\Managed\UnityEngine.CoreModule.dll
Symbol file LoadedFromMemory is not a mono symbol file
Symbol file data-175FCD08 doesn't match image D:\Unity Hub Projects AI ML\ma-unity\builds\drone2D_simpleGrass\ultron_yolo-unity_Data\Managed\UnityEngine.CrashReportingModule.dll
Symbol file LoadedFromMemory is not a mono symbol file
Symbol file data-17685718 doesn't match image D:\Unity Hub Projects AI ML\ma-unity\builds\drone2D_simpleGrass\ultron_yolo-unity_Data\Managed\UnityEngine.DSPGraphModule.dll
Symbol file LoadedFromMemory is not a mono symbol file
Symbol file data-17685718 doesn't match image D:\Unity Hub Projects AI ML\ma-unity\builds\drone2D_simpleGrass\ultron_yolo-unity_Data\Managed\UnityEngine.DirectorModule.dll
Symbol file LoadedFromMemory is not a mono symbol file
Symbol file data-0DEC5348 doesn't match image D:\Unity Hub Projects AI ML\ma-unity\builds\drone2D_simpleGrass\ultron_yolo-unity_Data\Managed\UnityEngine.GIModule.dll
Symbol file LoadedFromMemory is not a mono symbol file
Symbol file data-1769E8E0 doesn't match image D:\Unity Hub Projects AI ML\ma-unity\builds\drone2D_simpleGrass\ultron_yolo-unity_Data\Managed\UnityEngine.GameCenterModule.dll
Symbol file LoadedFromMemory is not a mono symbol file
Symbol file data-175EC5F8 doesn't match image D:\Unity Hub Projects AI ML\ma-unity\builds\drone2D_simpleGrass\ultron_yolo-unity_Data\Managed\UnityEngine.GridModule.dll
Symbol file LoadedFromMemory is not a mono symbol file
Symbol file data-0DEC5348 doesn't match image D:\Unity Hub Projects AI ML\ma-unity\builds\drone2D_simpleGrass\ultron_yolo-unity_Data\Managed\UnityEngine.HotReloadModule.dll
Symbol file LoadedFromMemory is not a mono symbol file
Symbol file data-176CB4F8 doesn't match image D:\Unity Hub Projects AI ML\ma-unity\builds\drone2D_simpleGrass\ultron_yolo-unity_Data\Managed\UnityEngine.IMGUIModule.dll
Symbol file LoadedFromMemory is not a mono symbol file
Symbol file data-17685718 doesn't match image D:\Unity Hub Projects AI ML\ma-unity\builds\drone2D_simpleGrass\ultron_yolo-unity_Data\Managed\UnityEngine.ImageConversionModule.dll
Symbol file LoadedFromMemory is not a mono symbol file
Symbol file data-176DD850 doesn't match image D:\Unity Hub Projects AI ML\ma-unity\builds\drone2D_simpleGrass\ultron_yolo-unity_Data\Managed\UnityEngine.InputModule.dll
Symbol file LoadedFromMemory is not a mono symbol file
Symbol file data-176DD850 doesn't match image D:\Unity Hub Projects AI ML\ma-unity\builds\drone2D_simpleGrass\ultron_yolo-unity_Data\Managed\UnityEngine.InputLegacyModule.dll
Symbol file LoadedFromMemory is not a mono symbol file
Symbol file data-175EC5F8 doesn't match image D:\Unity Hub Projects AI ML\ma-unity\builds\drone2D_simpleGrass\ultron_yolo-unity_Data\Managed\UnityEngine.JSONSerializeModule.dll
Symbol file LoadedFromMemory is not a mono symbol file
Symbol file data-175EC5F8 doesn't match image D:\Unity Hub Projects AI ML\ma-unity\builds\drone2D_simpleGrass\ultron_yolo-unity_Data\Managed\UnityEngine.LocalizationModule.dll
Symbol file LoadedFromMemory is not a mono symbol file
Symbol file data-17703E68 doesn't match image D:\Unity Hub Projects AI ML\ma-unity\builds\drone2D_simpleGrass\ultron_yolo-unity_Data\Managed\UnityEngine.ParticleSystemModule.dll
Symbol file LoadedFromMemory is not a mono symbol file
Symbol file data-174F6060 doesn't match image D:\Unity Hub Projects AI ML\ma-unity\builds\drone2D_simpleGrass\ultron_yolo-unity_Data\Managed\UnityEngine.PerformanceReportingModule.dll
Symbol file LoadedFromMemory is not a mono symbol file
Symbol file data-1771E278 doesn't match image D:\Unity Hub Projects AI ML\ma-unity\builds\drone2D_simpleGrass\ultron_yolo-unity_Data\Managed\UnityEngine.PhysicsModule.dll
Symbol file LoadedFromMemory is not a mono symbol file
Symbol file data-17738480 doesn't match image D:\Unity Hub Projects AI ML\ma-unity\builds\drone2D_simpleGrass\ultron_yolo-unity_Data\Managed\UnityEngine.Physics2DModule.dll
Symbol file LoadedFromMemory is not a mono symbol file
Symbol file data-0DEC5410 doesn't match image D:\Unity Hub Projects AI ML\ma-unity\builds\drone2D_simpleGrass\ultron_yolo-unity_Data\Managed\UnityEngine.ProfilerModule.dll
Symbol file LoadedFromMemory is not a mono symbol file
Symbol file data-0DEC50F0 doesn't match image D:\Unity Hub Projects AI ML\ma-unity\builds\drone2D_simpleGrass\ultron_yolo-unity_Data\Managed\UnityEngine.RuntimeInitializeOnLoadManagerInitializerModule.dll
Symbol file LoadedFromMemory is not a mono symbol file
Symbol file data-175EC5F8 doesn't match image D:\Unity Hub Projects AI ML\ma-unity\builds\drone2D_simpleGrass\ultron_yolo-unity_Data\Managed\UnityEngine.ScreenCaptureModule.dll
Symbol file LoadedFromMemory is not a mono symbol file
Symbol file data-177488B0 doesn't match image D:\Unity Hub Projects AI ML\ma-unity\builds\drone2D_simpleGrass\ultron_yolo-unity_Data\Managed\UnityEngine.SharedInternalsModule.dll
Symbol file LoadedFromMemory is not a mono symbol file
Symbol file data-0FCDE298 doesn't match image D:\Unity Hub Projects AI ML\ma-unity\builds\drone2D_simpleGrass\ultron_yolo-unity_Data\Managed\UnityEngine.SpriteMaskModule.dll
Symbol file LoadedFromMemory is not a mono symbol file
Symbol file data-176DAD18 doesn't match image D:\Unity Hub Projects AI ML\ma-unity\builds\drone2D_simpleGrass\ultron_yolo-unity_Data\Managed\UnityEngine.SpriteShapeModule.dll
Symbol file LoadedFromMemory is not a mono symbol file
Symbol file data-175E4780 doesn't match image D:\Unity Hub Projects AI ML\ma-unity\builds\drone2D_simpleGrass\ultron_yolo-unity_Data\Managed\UnityEngine.StreamingModule.dll
Symbol file LoadedFromMemory is not a mono symbol file
Symbol file data-176DAD18 doesn't match image D:\Unity Hub Projects AI ML\ma-unity\builds\drone2D_simpleGrass\ultron_yolo-unity_Data\Managed\UnityEngine.SubstanceModule.dll
Symbol file LoadedFromMemory is not a mono symbol file
Symbol file data-1775C6E0 doesn't match image D:\Unity Hub Projects AI ML\ma-unity\builds\drone2D_simpleGrass\ultron_yolo-unity_Data\Managed\UnityEngine.SubsystemsModule.dll
Symbol file LoadedFromMemory is not a mono symbol file
Symbol file data-0DEC49E8 doesn't match image D:\Unity Hub Projects AI ML\ma-unity\builds\drone2D_simpleGrass\ultron_yolo-unity_Data\Managed\UnityEngine.TLSModule.dll
Symbol file LoadedFromMemory is not a mono symbol file
Symbol file data-1775EAE8 doesn't match image D:\Unity Hub Projects AI ML\ma-unity\builds\drone2D_simpleGrass\ultron_yolo-unity_Data\Managed\UnityEngine.TerrainModule.dll
Symbol file LoadedFromMemory is not a mono symbol file
Symbol file data-175EC5F8 doesn't match image D:\Unity Hub Projects AI ML\ma-unity\builds\drone2D_simpleGrass\ultron_yolo-unity_Data\Managed\UnityEngine.TerrainPhysicsModule.dll
Symbol file LoadedFromMemory is not a mono symbol file
Symbol file data-18D21C58 doesn't match image D:\Unity Hub Projects AI ML\ma-unity\builds\drone2D_simpleGrass\ultron_yolo-unity_Data\Managed\UnityEngine.TextCoreModule.dll
Symbol file LoadedFromMemory is not a mono symbol file
Symbol file data-177612F0 doesn't match image D:\Unity Hub Projects AI ML\ma-unity\builds\drone2D_simpleGrass\ultron_yolo-unity_Data\Managed\UnityEngine.TextRenderingModule.dll
Symbol file LoadedFromMemory is not a mono symbol file
Symbol file data-177612F0 doesn't match image D:\Unity Hub Projects AI ML\ma-unity\builds\drone2D_simpleGrass\ultron_yolo-unity_Data\Managed\UnityEngine.TilemapModule.dll
Symbol file LoadedFromMemory is not a mono symbol file
Symbol file data-18D3E3E8 doesn't match image D:\Unity Hub Projects AI ML\ma-unity\builds\drone2D_simpleGrass\ultron_yolo-unity_Data\Managed\UnityEngine.UIModule.dll
Symbol file LoadedFromMemory is not a mono symbol file
Symbol file data-18D3E3E8 doesn't match image D:\Unity Hub Projects AI ML\ma-unity\builds\drone2D_simpleGrass\ultron_yolo-unity_Data\Managed\UnityEngine.UIElementsModule.dll
Symbol file LoadedFromMemory is not a mono symbol file
Symbol file data-18D2F268 doesn't match image D:\Unity Hub Projects AI ML\ma-unity\builds\drone2D_simpleGrass\ultron_yolo-unity_Data\Managed\UnityEngine.UIElementsNativeModule.dll
Symbol file LoadedFromMemory is not a mono symbol file
Symbol file data-18D5D1F8 doesn't match image D:\Unity Hub Projects AI ML\ma-unity\builds\drone2D_simpleGrass\ultron_yolo-unity_Data\Managed\UnityEngine.UNETModule.dll
Symbol file LoadedFromMemory is not a mono symbol file
Symbol file data-0DEC5348 doesn't match image D:\Unity Hub Projects AI ML\ma-unity\builds\drone2D_simpleGrass\ultron_yolo-unity_Data\Managed\UnityEngine.UmbraModule.dll
Symbol file LoadedFromMemory is not a mono symbol file
Symbol file data-18D65600 doesn't match image D:\Unity Hub Projects AI ML\ma-unity\builds\drone2D_simpleGrass\ultron_yolo-unity_Data\Managed\UnityEngine.UnityAnalyticsModule.dll
Symbol file LoadedFromMemory is not a mono symbol file
Symbol file data-175EC5F8 doesn't match image D:\Unity Hub Projects AI ML\ma-unity\builds\drone2D_simpleGrass\ultron_yolo-unity_Data\Managed\UnityEngine.UnityConnectModule.dll
Symbol file LoadedFromMemory is not a mono symbol file
Symbol file data-175EC5F8 doesn't match image D:\Unity Hub Projects AI ML\ma-unity\builds\drone2D_simpleGrass\ultron_yolo-unity_Data\Managed\UnityEngine.UnityCurlModule.dll
Symbol file LoadedFromMemory is not a mono symbol file
Symbol file data-0DEC4E98 doesn't match image D:\Unity Hub Projects AI ML\ma-unity\builds\drone2D_simpleGrass\ultron_yolo-unity_Data\Managed\UnityEngine.UnityTestProtocolModule.dll
Symbol file LoadedFromMemory is not a mono symbol file
Symbol file data-18D7C490 doesn't match image D:\Unity Hub Projects AI ML\ma-unity\builds\drone2D_simpleGrass\ultron_yolo-unity_Data\Managed\UnityEngine.UnityWebRequestModule.dll
Symbol file LoadedFromMemory is not a mono symbol file
Symbol file data-176DB120 doesn't match image D:\Unity Hub Projects AI ML\ma-unity\builds\drone2D_simpleGrass\ultron_yolo-unity_Data\Managed\UnityEngine.UnityWebRequestAssetBundleModule.dll
Symbol file LoadedFromMemory is not a mono symbol file
Symbol file data-176DB120 doesn't match image D:\Unity Hub Projects AI ML\ma-unity\builds\drone2D_simpleGrass\ultron_yolo-unity_Data\Managed\UnityEngine.UnityWebRequestAudioModule.dll
Symbol file LoadedFromMemory is not a mono symbol file
Symbol file data-176DB120 doesn't match image D:\Unity Hub Projects AI ML\ma-unity\builds\drone2D_simpleGrass\ultron_yolo-unity_Data\Managed\UnityEngine.UnityWebRequestTextureModule.dll
Symbol file LoadedFromMemory is not a mono symbol file
Symbol file data-18D89EB0 doesn't match image D:\Unity Hub Projects AI ML\ma-unity\builds\drone2D_simpleGrass\ultron_yolo-unity_Data\Managed\UnityEngine.UnityWebRequestWWWModule.dll
Symbol file LoadedFromMemory is not a mono symbol file
Symbol file data-18D940B8 doesn't match image D:\Unity Hub Projects AI ML\ma-unity\builds\drone2D_simpleGrass\ultron_yolo-unity_Data\Managed\UnityEngine.VFXModule.dll
Symbol file LoadedFromMemory is not a mono symbol file
Symbol file data-176DB120 doesn't match image D:\Unity Hub Projects AI ML\ma-unity\builds\drone2D_simpleGrass\ultron_yolo-unity_Data\Managed\UnityEngine.VRModule.dll
Symbol file LoadedFromMemory is not a mono symbol file
Symbol file data-176DB120 doesn't match image D:\Unity Hub Projects AI ML\ma-unity\builds\drone2D_simpleGrass\ultron_yolo-unity_Data\Managed\UnityEngine.VehiclesModule.dll
Symbol file LoadedFromMemory is not a mono symbol file
Symbol file data-18DAA4E8 doesn't match image D:\Unity Hub Projects AI ML\ma-unity\builds\drone2D_simpleGrass\ultron_yolo-unity_Data\Managed\UnityEngine.VideoModule.dll
Symbol file LoadedFromMemory is not a mono symbol file
Symbol file data-18DB10F8 doesn't match image D:\Unity Hub Projects AI ML\ma-unity\builds\drone2D_simpleGrass\ultron_yolo-unity_Data\Managed\UnityEngine.VirtualTexturingModule.dll
Symbol file LoadedFromMemory is not a mono symbol file
Symbol file data-175E4780 doesn't match image D:\Unity Hub Projects AI ML\ma-unity\builds\drone2D_simpleGrass\ultron_yolo-unity_Data\Managed\UnityEngine.WindModule.dll
Symbol file LoadedFromMemory is not a mono symbol file
Symbol file data-18DC1308 doesn't match image D:\Unity Hub Projects AI ML\ma-unity\builds\drone2D_simpleGrass\ultron_yolo-unity_Data\Managed\UnityEngine.XRModule.dll
Symbol file LoadedFromMemory is not a mono symbol file
- Completed reload, in  0.070 seconds
D3D11 device created for Microsoft Media Foundation video decoding.
<RI> Initializing input.
<RI> Input initialized.
<RI> Initialized touch support.
UnloadTime: 73.306100 ms
Fallback handler could not load library D:/Unity Hub Projects AI ML/ma-unity/builds/drone2D_simpleGrass/ultron_yolo-unity_Data/Mono/libcoreclr.so
Fallback handler could not load library D:/Unity Hub Projects AI ML/ma-unity/builds/drone2D_simpleGrass/ultron_yolo-unity_Data/Mono/libcoreclr.so.dll
Fallback handler could not load library D:/Unity Hub Projects AI ML/ma-unity/builds/drone2D_simpleGrass/ultron_yolo-unity_Data/Mono/libcoreclr.so
Fallback handler could not load library D:/Unity Hub Projects AI ML/ma-unity/builds/drone2D_simpleGrass/ultron_yolo-unity_Data/Mono/libdl.so
Fallback handler could not load library D:/Unity Hub Projects AI ML/ma-unity/builds/drone2D_simpleGrass/ultron_yolo-unity_Data/Mono/libdl.so.dll
Fallback handler could not load library D:/Unity Hub Projects AI ML/ma-unity/builds/drone2D_simpleGrass/ultron_yolo-unity_Data/Mono/libdl.so
Fallback handler could not load library D:/Unity Hub Projects AI ML/ma-unity/builds/drone2D_simpleGrass/ultron_yolo-unity_Data/Mono/libSystem.dylib
Fallback handler could not load library D:/Unity Hub Projects AI ML/ma-unity/builds/drone2D_simpleGrass/ultron_yolo-unity_Data/Mono/libSystem.dylib.dll
Fallback handler could not load library D:/Unity Hub Projects AI ML/ma-unity/builds/drone2D_simpleGrass/ultron_yolo-unity_Data/Mono/libSystem.dylib
Fallback handler could not load library D:/Unity Hub Projects AI ML/ma-unity/builds/drone2D_simpleGrass/ultron_yolo-unity_Data/Mono/libcoreclr.so
Fallback handler could not load library D:/Unity Hub Projects AI ML/ma-unity/builds/drone2D_simpleGrass/ultron_yolo-unity_Data/Mono/libcoreclr.so.dll
Fallback handler could not load library D:/Unity Hub Projects AI ML/ma-unity/builds/drone2D_simpleGrass/ultron_yolo-unity_Data/Mono/libcoreclr.so
Fallback handler could not load library D:/Unity Hub Projects AI ML/ma-unity/builds/drone2D_simpleGrass/ultron_yolo-unity_Data/Mono/libdl.so
Fallback handler could not load library D:/Unity Hub Projects AI ML/ma-unity/builds/drone2D_simpleGrass/ultron_yolo-unity_Data/Mono/libdl.so.dll
Fallback handler could not load library D:/Unity Hub Projects AI ML/ma-unity/builds/drone2D_simpleGrass/ultron_yolo-unity_Data/Mono/libdl.so
Fallback handler could not load library D:/Unity Hub Projects AI ML/ma-unity/builds/drone2D_simpleGrass/ultron_yolo-unity_Data/Mono/libSystem.dylib
Fallback handler could not load library D:/Unity Hub Projects AI ML/ma-unity/builds/drone2D_simpleGrass/ultron_yolo-unity_Data/Mono/libSystem.dylib.dll
Fallback handler could not load library D:/Unity Hub Projects AI ML/ma-unity/builds/drone2D_simpleGrass/ultron_yolo-unity_Data/Mono/libSystem.dylib
Trying to collect..
UnityEngine.StackTraceUtility:ExtractStackTrace ()
UnityEngine.DebugLogHandler:LogFormat (UnityEngine.LogType,UnityEngine.Object,string,object[])
UnityEngine.Logger:Log (UnityEngine.LogType,object)
UnityEngine.Debug:Log (object)
UnityEngine.MonoBehaviour:print (object)
DroneAgent:Update () (at D:/Unity Hub Projects AI ML/ma-unity/ultron_yolo-unity/Assets/Scripts/DroneAgent.cs:228)

(Filename: D:/Unity Hub Projects AI ML/ma-unity/ultron_yolo-unity/Assets/Scripts/DroneAgent.cs Line: 228)

collected !
UnityEngine.StackTraceUtility:ExtractStackTrace ()
UnityEngine.DebugLogHandler:LogFormat (UnityEngine.LogType,UnityEngine.Object,string,object[])
UnityEngine.Logger:Log (UnityEngine.LogType,object)
UnityEngine.Debug:Log (object)
UnityEngine.MonoBehaviour:print (object)
DroneAgent:Update () (at D:/Unity Hub Projects AI ML/ma-unity/ultron_yolo-unity/Assets/Scripts/DroneAgent.cs:232)

(Filename: D:/Unity Hub Projects AI ML/ma-unity/ultron_yolo-unity/Assets/Scripts/DroneAgent.cs Line: 232)

hit the wall!
UnityEngine.StackTraceUtility:ExtractStackTrace ()
UnityEngine.DebugLogHandler:LogFormat (UnityEngine.LogType,UnityEngine.Object,string,object[])
UnityEngine.Logger:Log (UnityEngine.LogType,object)
UnityEngine.Debug:Log (object)
DroneAgent:OnCollisionEnter (UnityEngine.Collision) (at D:/Unity Hub Projects AI ML/ma-unity/ultron_yolo-unity/Assets/Scripts/DroneAgent.cs:195)

(Filename: D:/Unity Hub Projects AI ML/ma-unity/ultron_yolo-unity/Assets/Scripts/DroneAgent.cs Line: 195)

hit the wall!
UnityEngine.StackTraceUtility:ExtractStackTrace ()
UnityEngine.DebugLogHandler:LogFormat (UnityEngine.LogType,UnityEngine.Object,string,object[])
UnityEngine.Logger:Log (UnityEngine.LogType,object)
UnityEngine.Debug:Log (object)
DroneAgent:OnCollisionEnter (UnityEngine.Collision) (at D:/Unity Hub Projects AI ML/ma-unity/ultron_yolo-unity/Assets/Scripts/DroneAgent.cs:195)

(Filename: D:/Unity Hub Projects AI ML/ma-unity/ultron_yolo-unity/Assets/Scripts/DroneAgent.cs Line: 195)

hit the wall!
UnityEngine.StackTraceUtility:ExtractStackTrace ()
UnityEngine.DebugLogHandler:LogFormat (UnityEngine.LogType,UnityEngine.Object,string,object[])
UnityEngine.Logger:Log (UnityEngine.LogType,object)
UnityEngine.Debug:Log (object)
DroneAgent:OnCollisionEnter (UnityEngine.Collision) (at D:/Unity Hub Projects AI ML/ma-unity/ultron_yolo-unity/Assets/Scripts/DroneAgent.cs:195)

(Filename: D:/Unity Hub Projects AI ML/ma-unity/ultron_yolo-unity/Assets/Scripts/DroneAgent.cs Line: 195)

hit the wall!
UnityEngine.StackTraceUtility:ExtractStackTrace ()
UnityEngine.DebugLogHandler:LogFormat (UnityEngine.LogType,UnityEngine.Object,string,object[])
UnityEngine.Logger:Log (UnityEngine.LogType,object)
UnityEngine.Debug:Log (object)
DroneAgent:OnCollisionEnter (UnityEngine.Collision) (at D:/Unity Hub Projects AI ML/ma-unity/ultron_yolo-unity/Assets/Scripts/DroneAgent.cs:195)

(Filename: D:/Unity Hub Projects AI ML/ma-unity/ultron_yolo-unity/Assets/Scripts/DroneAgent.cs Line: 195)

Trying to collect..
UnityEngine.StackTraceUtility:ExtractStackTrace ()
UnityEngine.DebugLogHandler:LogFormat (UnityEngine.LogType,UnityEngine.Object,string,object[])
UnityEngine.Logger:Log (UnityEngine.LogType,object)
UnityEngine.Debug:Log (object)
UnityEngine.MonoBehaviour:print (object)
DroneAgent:Update () (at D:/Unity Hub Projects AI ML/ma-unity/ultron_yolo-unity/Assets/Scripts/DroneAgent.cs:228)

(Filename: D:/Unity Hub Projects AI ML/ma-unity/ultron_yolo-unity/Assets/Scripts/DroneAgent.cs Line: 228)

collected !
UnityEngine.StackTraceUtility:ExtractStackTrace ()
UnityEngine.DebugLogHandler:LogFormat (UnityEngine.LogType,UnityEngine.Object,string,object[])
UnityEngine.Logger:Log (UnityEngine.LogType,object)
UnityEngine.Debug:Log (object)
UnityEngine.MonoBehaviour:print (object)
DroneAgent:Update () (at D:/Unity Hub Projects AI ML/ma-unity/ultron_yolo-unity/Assets/Scripts/DroneAgent.cs:232)

(Filename: D:/Unity Hub Projects AI ML/ma-unity/ultron_yolo-unity/Assets/Scripts/DroneAgent.cs Line: 232)

Trying to collect..
UnityEngine.StackTraceUtility:ExtractStackTrace ()
UnityEngine.DebugLogHandler:LogFormat (UnityEngine.LogType,UnityEngine.Object,string,object[])
UnityEngine.Logger:Log (UnityEngine.LogType,object)
UnityEngine.Debug:Log (object)
UnityEngine.MonoBehaviour:print (object)
DroneAgent:Update () (at D:/Unity Hub Projects AI ML/ma-unity/ultron_yolo-unity/Assets/Scripts/DroneAgent.cs:228)

(Filename: D:/Unity Hub Projects AI ML/ma-unity/ultron_yolo-unity/Assets/Scripts/DroneAgent.cs Line: 228)

Trying to collect..
UnityEngine.StackTraceUtility:ExtractStackTrace ()
UnityEngine.DebugLogHandler:LogFormat (UnityEngine.LogType,UnityEngine.Object,string,object[])
UnityEngine.Logger:Log (UnityEngine.LogType,object)
UnityEngine.Debug:Log (object)
UnityEngine.MonoBehaviour:print (object)
DroneAgent:Update () (at D:/Unity Hub Projects AI ML/ma-unity/ultron_yolo-unity/Assets/Scripts/DroneAgent.cs:228)

(Filename: D:/Unity Hub Projects AI ML/ma-unity/ultron_yolo-unity/Assets/Scripts/DroneAgent.cs Line: 228)

Trying to collect..
UnityEngine.StackTraceUtility:ExtractStackTrace ()
UnityEngine.DebugLogHandler:LogFormat (UnityEngine.LogType,UnityEngine.Object,string,object[])
UnityEngine.Logger:Log (UnityEngine.LogType,object)
UnityEngine.Debug:Log (object)
UnityEngine.MonoBehaviour:print (object)
DroneAgent:Update () (at D:/Unity Hub Projects AI ML/ma-unity/ultron_yolo-unity/Assets/Scripts/DroneAgent.cs:228)

(Filename: D:/Unity Hub Projects AI ML/ma-unity/ultron_yolo-unity/Assets/Scripts/DroneAgent.cs Line: 228)

Trying to collect..
UnityEngine.StackTraceUtility:ExtractStackTrace ()
UnityEngine.DebugLogHandler:LogFormat (UnityEngine.LogType,UnityEngine.Object,string,object[])
UnityEngine.Logger:Log (UnityEngine.LogType,object)
UnityEngine.Debug:Log (object)
UnityEngine.MonoBehaviour:print (object)
DroneAgent:Update () (at D:/Unity Hub Projects AI ML/ma-unity/ultron_yolo-unity/Assets/Scripts/DroneAgent.cs:228)

(Filename: D:/Unity Hub Projects AI ML/ma-unity/ultron_yolo-unity/Assets/Scripts/DroneAgent.cs Line: 228)

Trying to collect..
UnityEngine.StackTraceUtility:ExtractStackTrace ()
UnityEngine.DebugLogHandler:LogFormat (UnityEngine.LogType,UnityEngine.Object,string,object[])
UnityEngine.Logger:Log (UnityEngine.LogType,object)
UnityEngine.Debug:Log (object)
UnityEngine.MonoBehaviour:print (object)
DroneAgent:Update () (at D:/Unity Hub Projects AI ML/ma-unity/ultron_yolo-unity/Assets/Scripts/DroneAgent.cs:228)

(Filename: D:/Unity Hub Projects AI ML/ma-unity/ultron_yolo-unity/Assets/Scripts/DroneAgent.cs Line: 228)

Trying to collect..
UnityEngine.StackTraceUtility:ExtractStackTrace ()
UnityEngine.DebugLogHandler:LogFormat (UnityEngine.LogType,UnityEngine.Object,string,object[])
UnityEngine.Logger:Log (UnityEngine.LogType,object)
UnityEngine.Debug:Log (object)
UnityEngine.MonoBehaviour:print (object)
DroneAgent:Update () (at D:/Unity Hub Projects AI ML/ma-unity/ultron_yolo-unity/Assets/Scripts/DroneAgent.cs:228)

(Filename: D:/Unity Hub Projects AI ML/ma-unity/ultron_yolo-unity/Assets/Scripts/DroneAgent.cs Line: 228)

Trying to collect..
UnityEngine.StackTraceUtility:ExtractStackTrace ()
UnityEngine.DebugLogHandler:LogFormat (UnityEngine.LogType,UnityEngine.Object,string,object[])
UnityEngine.Logger:Log (UnityEngine.LogType,object)
UnityEngine.Debug:Log (object)
UnityEngine.MonoBehaviour:print (object)
DroneAgent:Update () (at D:/Unity Hub Projects AI ML/ma-unity/ultron_yolo-unity/Assets/Scripts/DroneAgent.cs:228)

(Filename: D:/Unity Hub Projects AI ML/ma-unity/ultron_yolo-unity/Assets/Scripts/DroneAgent.cs Line: 228)

Trying to collect..
UnityEngine.StackTraceUtility:ExtractStackTrace ()
UnityEngine.DebugLogHandler:LogFormat (UnityEngine.LogType,UnityEngine.Object,string,object[])
UnityEngine.Logger:Log (UnityEngine.LogType,object)
UnityEngine.Debug:Log (object)
UnityEngine.MonoBehaviour:print (object)
DroneAgent:Update () (at D:/Unity Hub Projects AI ML/ma-unity/ultron_yolo-unity/Assets/Scripts/DroneAgent.cs:228)

(Filename: D:/Unity Hub Projects AI ML/ma-unity/ultron_yolo-unity/Assets/Scripts/DroneAgent.cs Line: 228)

Trying to collect..
UnityEngine.StackTraceUtility:ExtractStackTrace ()
UnityEngine.DebugLogHandler:LogFormat (UnityEngine.LogType,UnityEngine.Object,string,object[])
UnityEngine.Logger:Log (UnityEngine.LogType,object)
UnityEngine.Debug:Log (object)
UnityEngine.MonoBehaviour:print (object)
DroneAgent:Update () (at D:/Unity Hub Projects AI ML/ma-unity/ultron_yolo-unity/Assets/Scripts/DroneAgent.cs:228)

(Filename: D:/Unity Hub Projects AI ML/ma-unity/ultron_yolo-unity/Assets/Scripts/DroneAgent.cs Line: 228)

Trying to collect..
UnityEngine.StackTraceUtility:ExtractStackTrace ()
UnityEngine.DebugLogHandler:LogFormat (UnityEngine.LogType,UnityEngine.Object,string,object[])
UnityEngine.Logger:Log (UnityEngine.LogType,object)
UnityEngine.Debug:Log (object)
UnityEngine.MonoBehaviour:print (object)
DroneAgent:Update () (at D:/Unity Hub Projects AI ML/ma-unity/ultron_yolo-unity/Assets/Scripts/DroneAgent.cs:228)

(Filename: D:/Unity Hub Projects AI ML/ma-unity/ultron_yolo-unity/Assets/Scripts/DroneAgent.cs Line: 228)

collected !
UnityEngine.StackTraceUtility:ExtractStackTrace ()
UnityEngine.DebugLogHandler:LogFormat (UnityEngine.LogType,UnityEngine.Object,string,object[])
UnityEngine.Logger:Log (UnityEngine.LogType,object)
UnityEngine.Debug:Log (object)
UnityEngine.MonoBehaviour:print (object)
DroneAgent:Update () (at D:/Unity Hub Projects AI ML/ma-unity/ultron_yolo-unity/Assets/Scripts/DroneAgent.cs:232)

(Filename: D:/Unity Hub Projects AI ML/ma-unity/ultron_yolo-unity/Assets/Scripts/DroneAgent.cs Line: 232)

Trying to collect..
UnityEngine.StackTraceUtility:ExtractStackTrace ()
UnityEngine.DebugLogHandler:LogFormat (UnityEngine.LogType,UnityEngine.Object,string,object[])
UnityEngine.Logger:Log (UnityEngine.LogType,object)
UnityEngine.Debug:Log (object)
UnityEngine.MonoBehaviour:print (object)
DroneAgent:Update () (at D:/Unity Hub Projects AI ML/ma-unity/ultron_yolo-unity/Assets/Scripts/DroneAgent.cs:228)

(Filename: D:/Unity Hub Projects AI ML/ma-unity/ultron_yolo-unity/Assets/Scripts/DroneAgent.cs Line: 228)

collected !
UnityEngine.StackTraceUtility:ExtractStackTrace ()
UnityEngine.DebugLogHandler:LogFormat (UnityEngine.LogType,UnityEngine.Object,string,object[])
UnityEngine.Logger:Log (UnityEngine.LogType,object)
UnityEngine.Debug:Log (object)
UnityEngine.MonoBehaviour:print (object)
DroneAgent:Update () (at D:/Unity Hub Projects AI ML/ma-unity/ultron_yolo-unity/Assets/Scripts/DroneAgent.cs:232)

(Filename: D:/Unity Hub Projects AI ML/ma-unity/ultron_yolo-unity/Assets/Scripts/DroneAgent.cs Line: 232)

hit the wall!
UnityEngine.StackTraceUtility:ExtractStackTrace ()
UnityEngine.DebugLogHandler:LogFormat (UnityEngine.LogType,UnityEngine.Object,string,object[])
UnityEngine.Logger:Log (UnityEngine.LogType,object)
UnityEngine.Debug:Log (object)
DroneAgent:OnCollisionEnter (UnityEngine.Collision) (at D:/Unity Hub Projects AI ML/ma-unity/ultron_yolo-unity/Assets/Scripts/DroneAgent.cs:195)

(Filename: D:/Unity Hub Projects AI ML/ma-unity/ultron_yolo-unity/Assets/Scripts/DroneAgent.cs Line: 195)

Trying to collect..
UnityEngine.StackTraceUtility:ExtractStackTrace ()
UnityEngine.DebugLogHandler:LogFormat (UnityEngine.LogType,UnityEngine.Object,string,object[])
UnityEngine.Logger:Log (UnityEngine.LogType,object)
UnityEngine.Debug:Log (object)
UnityEngine.MonoBehaviour:print (object)
DroneAgent:Update () (at D:/Unity Hub Projects AI ML/ma-unity/ultron_yolo-unity/Assets/Scripts/DroneAgent.cs:228)

(Filename: D:/Unity Hub Projects AI ML/ma-unity/ultron_yolo-unity/Assets/Scripts/DroneAgent.cs Line: 228)

collected !
UnityEngine.StackTraceUtility:ExtractStackTrace ()
UnityEngine.DebugLogHandler:LogFormat (UnityEngine.LogType,UnityEngine.Object,string,object[])
UnityEngine.Logger:Log (UnityEngine.LogType,object)
UnityEngine.Debug:Log (object)
UnityEngine.MonoBehaviour:print (object)
DroneAgent:Update () (at D:/Unity Hub Projects AI ML/ma-unity/ultron_yolo-unity/Assets/Scripts/DroneAgent.cs:232)

(Filename: D:/Unity Hub Projects AI ML/ma-unity/ultron_yolo-unity/Assets/Scripts/DroneAgent.cs Line: 232)

Trying to collect..
UnityEngine.StackTraceUtility:ExtractStackTrace ()
UnityEngine.DebugLogHandler:LogFormat (UnityEngine.LogType,UnityEngine.Object,string,object[])
UnityEngine.Logger:Log (UnityEngine.LogType,object)
UnityEngine.Debug:Log (object)
UnityEngine.MonoBehaviour:print (object)
DroneAgent:Update () (at D:/Unity Hub Projects AI ML/ma-unity/ultron_yolo-unity/Assets/Scripts/DroneAgent.cs:228)

(Filename: D:/Unity Hub Projects AI ML/ma-unity/ultron_yolo-unity/Assets/Scripts/DroneAgent.cs Line: 228)

Trying to collect..
UnityEngine.StackTraceUtility:ExtractStackTrace ()
UnityEngine.DebugLogHandler:LogFormat (UnityEngine.LogType,UnityEngine.Object,string,object[])
UnityEngine.Logger:Log (UnityEngine.LogType,object)
UnityEngine.Debug:Log (object)
UnityEngine.MonoBehaviour:print (object)
DroneAgent:Update () (at D:/Unity Hub Projects AI ML/ma-unity/ultron_yolo-unity/Assets/Scripts/DroneAgent.cs:228)

(Filename: D:/Unity Hub Projects AI ML/ma-unity/ultron_yolo-unity/Assets/Scripts/DroneAgent.cs Line: 228)

Trying to collect..
UnityEngine.StackTraceUtility:ExtractStackTrace ()
UnityEngine.DebugLogHandler:LogFormat (UnityEngine.LogType,UnityEngine.Object,string,object[])
UnityEngine.Logger:Log (UnityEngine.LogType,object)
UnityEngine.Debug:Log (object)
UnityEngine.MonoBehaviour:print (object)
DroneAgent:Update () (at D:/Unity Hub Projects AI ML/ma-unity/ultron_yolo-unity/Assets/Scripts/DroneAgent.cs:228)

(Filename: D:/Unity Hub Projects AI ML/ma-unity/ultron_yolo-unity/Assets/Scripts/DroneAgent.cs Line: 228)

Trying to collect..
UnityEngine.StackTraceUtility:ExtractStackTrace ()
UnityEngine.DebugLogHandler:LogFormat (UnityEngine.LogType,UnityEngine.Object,string,object[])
UnityEngine.Logger:Log (UnityEngine.LogType,object)
UnityEngine.Debug:Log (object)
UnityEngine.MonoBehaviour:print (object)
DroneAgent:Update () (at D:/Unity Hub Projects AI ML/ma-unity/ultron_yolo-unity/Assets/Scripts/DroneAgent.cs:228)

(Filename: D:/Unity Hub Projects AI ML/ma-unity/ultron_yolo-unity/Assets/Scripts/DroneAgent.cs Line: 228)

Trying to collect..
UnityEngine.StackTraceUtility:ExtractStackTrace ()
UnityEngine.DebugLogHandler:LogFormat (UnityEngine.LogType,UnityEngine.Object,string,object[])
UnityEngine.Logger:Log (UnityEngine.LogType,object)
UnityEngine.Debug:Log (object)
UnityEngine.MonoBehaviour:print (object)
DroneAgent:Update () (at D:/Unity Hub Projects AI ML/ma-unity/ultron_yolo-unity/Assets/Scripts/DroneAgent.cs:228)

(Filename: D:/Unity Hub Projects AI ML/ma-unity/ultron_yolo-unity/Assets/Scripts/DroneAgent.cs Line: 228)

Trying to collect..
UnityEngine.StackTraceUtility:ExtractStackTrace ()
UnityEngine.DebugLogHandler:LogFormat (UnityEngine.LogType,UnityEngine.Object,string,object[])
UnityEngine.Logger:Log (UnityEngine.LogType,object)
UnityEngine.Debug:Log (object)
UnityEngine.MonoBehaviour:print (object)
DroneAgent:Update () (at D:/Unity Hub Projects AI ML/ma-unity/ultron_yolo-unity/Assets/Scripts/DroneAgent.cs:228)

(Filename: D:/Unity Hub Projects AI ML/ma-unity/ultron_yolo-unity/Assets/Scripts/DroneAgent.cs Line: 228)

collected !
UnityEngine.StackTraceUtility:ExtractStackTrace ()
UnityEngine.DebugLogHandler:LogFormat (UnityEngine.LogType,UnityEngine.Object,string,object[])
UnityEngine.Logger:Log (UnityEngine.LogType,object)
UnityEngine.Debug:Log (object)
UnityEngine.MonoBehaviour:print (object)
DroneAgent:Update () (at D:/Unity Hub Projects AI ML/ma-unity/ultron_yolo-unity/Assets/Scripts/DroneAgent.cs:232)

(Filename: D:/Unity Hub Projects AI ML/ma-unity/ultron_yolo-unity/Assets/Scripts/DroneAgent.cs Line: 232)

Trying to collect..
UnityEngine.StackTraceUtility:ExtractStackTrace ()
UnityEngine.DebugLogHandler:LogFormat (UnityEngine.LogType,UnityEngine.Object,string,object[])
UnityEngine.Logger:Log (UnityEngine.LogType,object)
UnityEngine.Debug:Log (object)
UnityEngine.MonoBehaviour:print (object)
DroneAgent:Update () (at D:/Unity Hub Projects AI ML/ma-unity/ultron_yolo-unity/Assets/Scripts/DroneAgent.cs:228)

(Filename: D:/Unity Hub Projects AI ML/ma-unity/ultron_yolo-unity/Assets/Scripts/DroneAgent.cs Line: 228)

hit the wall!
UnityEngine.StackTraceUtility:ExtractStackTrace ()
UnityEngine.DebugLogHandler:LogFormat (UnityEngine.LogType,UnityEngine.Object,string,object[])
UnityEngine.Logger:Log (UnityEngine.LogType,object)
UnityEngine.Debug:Log (object)
DroneAgent:OnCollisionEnter (UnityEngine.Collision) (at D:/Unity Hub Projects AI ML/ma-unity/ultron_yolo-unity/Assets/Scripts/DroneAgent.cs:195)

(Filename: D:/Unity Hub Projects AI ML/ma-unity/ultron_yolo-unity/Assets/Scripts/DroneAgent.cs Line: 195)

hit the wall!
UnityEngine.StackTraceUtility:ExtractStackTrace ()
UnityEngine.DebugLogHandler:LogFormat (UnityEngine.LogType,UnityEngine.Object,string,object[])
UnityEngine.Logger:Log (UnityEngine.LogType,object)
UnityEngine.Debug:Log (object)
DroneAgent:OnCollisionEnter (UnityEngine.Collision) (at D:/Unity Hub Projects AI ML/ma-unity/ultron_yolo-unity/Assets/Scripts/DroneAgent.cs:195)

(Filename: D:/Unity Hub Projects AI ML/ma-unity/ultron_yolo-unity/Assets/Scripts/DroneAgent.cs Line: 195)

hit the wall!
UnityEngine.StackTraceUtility:ExtractStackTrace ()
UnityEngine.DebugLogHandler:LogFormat (UnityEngine.LogType,UnityEngine.Object,string,object[])
UnityEngine.Logger:Log (UnityEngine.LogType,object)
UnityEngine.Debug:Log (object)
DroneAgent:OnCollisionEnter (UnityEngine.Collision) (at D:/Unity Hub Projects AI ML/ma-unity/ultron_yolo-unity/Assets/Scripts/DroneAgent.cs:195)

(Filename: D:/Unity Hub Projects AI ML/ma-unity/ultron_yolo-unity/Assets/Scripts/DroneAgent.cs Line: 195)

hit the wall!
UnityEngine.StackTraceUtility:ExtractStackTrace ()
UnityEngine.DebugLogHandler:LogFormat (UnityEngine.LogType,UnityEngine.Object,string,object[])
UnityEngine.Logger:Log (UnityEngine.LogType,object)
UnityEngine.Debug:Log (object)
DroneAgent:OnCollisionEnter (UnityEngine.Collision) (at D:/Unity Hub Projects AI ML/ma-unity/ultron_yolo-unity/Assets/Scripts/DroneAgent.cs:195)

(Filename: D:/Unity Hub Projects AI ML/ma-unity/ultron_yolo-unity/Assets/Scripts/DroneAgent.cs Line: 195)

hit the wall!
UnityEngine.StackTraceUtility:ExtractStackTrace ()
UnityEngine.DebugLogHandler:LogFormat (UnityEngine.LogType,UnityEngine.Object,string,object[])
UnityEngine.Logger:Log (UnityEngine.LogType,object)
UnityEngine.Debug:Log (object)
DroneAgent:OnCollisionEnter (UnityEngine.Collision) (at D:/Unity Hub Projects AI ML/ma-unity/ultron_yolo-unity/Assets/Scripts/DroneAgent.cs:195)

(Filename: D:/Unity Hub Projects AI ML/ma-unity/ultron_yolo-unity/Assets/Scripts/DroneAgent.cs Line: 195)

hit the wall!
UnityEngine.StackTraceUtility:ExtractStackTrace ()
UnityEngine.DebugLogHandler:LogFormat (UnityEngine.LogType,UnityEngine.Object,string,object[])
UnityEngine.Logger:Log (UnityEngine.LogType,object)
UnityEngine.Debug:Log (object)
DroneAgent:OnCollisionEnter (UnityEngine.Collision) (at D:/Unity Hub Projects AI ML/ma-unity/ultron_yolo-unity/Assets/Scripts/DroneAgent.cs:195)

(Filename: D:/Unity Hub Projects AI ML/ma-unity/ultron_yolo-unity/Assets/Scripts/DroneAgent.cs Line: 195)

hit the wall!
UnityEngine.StackTraceUtility:ExtractStackTrace ()
UnityEngine.DebugLogHandler:LogFormat (UnityEngine.LogType,UnityEngine.Object,string,object[])
UnityEngine.Logger:Log (UnityEngine.LogType,object)
UnityEngine.Debug:Log (object)
DroneAgent:OnCollisionEnter (UnityEngine.Collision) (at D:/Unity Hub Projects AI ML/ma-unity/ultron_yolo-unity/Assets/Scripts/DroneAgent.cs:195)

(Filename: D:/Unity Hub Projects AI ML/ma-unity/ultron_yolo-unity/Assets/Scripts/DroneAgent.cs Line: 195)

Setting up 6 worker threads for Enlighten.
  Thread -> id: 2590 -> priority: 1 
  Thread -> id: 63c0 -> priority: 1 
  Thread -> id: 96c8 -> priority: 1 
  Thread -> id: 6f20 -> priority: 1 
  Thread -> id: 6878 -> priority: 1 
  Thread -> id: 9afc -> priority: 1 
PlayerConnection::Cleanup##utp:{"type":"MemoryLeaks","version":2,"phase":"Immediate","time":1624457490958,"processId":19240,"allocatedMemory":201333,"memoryLabels":[{"Permanent":24},{"NewDelete":128},{"Thread":100},{"Manager":1632},{"Geometry":4294966252},{"GfxDevice":196720},{"Serialization":1348},{"WebCam":12},{"String":649},{"HashMap":768},{"PoolAlloc":32},{"GI":184},{"VR":780}]}

