Mono path[0] = 'D:/Unity Hub Projects AI ML/ma-unity/builds/drone2D_simpleGrass/ultron_yolo-unity_Data/Managed'
Mono config path = 'D:/Unity Hub Projects AI ML/ma-unity/builds/drone2D_simpleGrass/MonoBleedingEdge/etc'
PlayerConnection initialized from D:/Unity Hub Projects AI ML/ma-unity/builds/drone2D_simpleGrass/ultron_yolo-unity_Data (debug = 0)
PlayerConnection initialized network socket : 0.0.0.0 55172
Multi-casting "[IP] 160.85.232.77 [Port] 55172 [Flags] 2 [Guid] 1735015058 [EditorId] 4182832641 [Version] 1048832 [Id] WindowsPlayer(DESKTOP-D5Q2KVG) [Debug] 0 [PackageName] WindowsPlayer [ProjectName] ultron_yolo-unity" to [225.0.0.222:54997]...
Started listening to [0.0.0.0:55172]
PlayerConnection already initialized - listening to [0.0.0.0:55172]
Initialize engine version: 2021.1.6f1 (d6fd741ee4c5)
[Subsystems] Discovering subsystems at path D:/Unity Hub Projects AI ML/ma-unity/builds/drone2D_simpleGrass/ultron_yolo-unity_Data/UnitySubsystems
GfxDevice: creating device client; threaded=1; jobified=1
Direct3D:
    Version:  Direct3D 11.0 [level 11.1]
    Renderer: NVIDIA GeForce GTX 1080 (ID=0x1b80)
    Vendor:   NVIDIA
    VRAM:     3072 MB
    Driver:   27.21.14.5206
Begin MonoManager ReloadAssembly
Symbol file data-17248DF8 doesn't match image D:\Unity Hub Projects AI ML\ma-unity\builds\drone2D_simpleGrass\ultron_yolo-unity_Data\Managed\UnityEngine.dll
Symbol file LoadedFromMemory is not a mono symbol file
Symbol file data-172581F8 doesn't match image D:\Unity Hub Projects AI ML\ma-unity\builds\drone2D_simpleGrass\ultron_yolo-unity_Data\Managed\UnityEngine.AIModule.dll
Symbol file LoadedFromMemory is not a mono symbol file
Symbol file data-1725CA08 doesn't match image D:\Unity Hub Projects AI ML\ma-unity\builds\drone2D_simpleGrass\ultron_yolo-unity_Data\Managed\UnityEngine.ARModule.dll
Symbol file LoadedFromMemory is not a mono symbol file
Symbol file data-171E8760 doesn't match image D:\Unity Hub Projects AI ML\ma-unity\builds\drone2D_simpleGrass\ultron_yolo-unity_Data\Managed\UnityEngine.AccessibilityModule.dll
Symbol file LoadedFromMemory is not a mono symbol file
Symbol file data-1726EA18 doesn't match image D:\Unity Hub Projects AI ML\ma-unity\builds\drone2D_simpleGrass\ultron_yolo-unity_Data\Managed\UnityEngine.AndroidJNIModule.dll
Symbol file LoadedFromMemory is not a mono symbol file
Symbol file data-17293620 doesn't match image D:\Unity Hub Projects AI ML\ma-unity\builds\drone2D_simpleGrass\ultron_yolo-unity_Data\Managed\UnityEngine.AnimationModule.dll
Symbol file LoadedFromMemory is not a mono symbol file
Symbol file data-17293620 doesn't match image D:\Unity Hub Projects AI ML\ma-unity\builds\drone2D_simpleGrass\ultron_yolo-unity_Data\Managed\UnityEngine.AssetBundleModule.dll
Symbol file LoadedFromMemory is not a mono symbol file
Symbol file data-17293620 doesn't match image D:\Unity Hub Projects AI ML\ma-unity\builds\drone2D_simpleGrass\ultron_yolo-unity_Data\Managed\UnityEngine.AudioModule.dll
Symbol file LoadedFromMemory is not a mono symbol file
Symbol file data-172B4968 doesn't match image D:\Unity Hub Projects AI ML\ma-unity\builds\drone2D_simpleGrass\ultron_yolo-unity_Data\Managed\UnityEngine.ClothModule.dll
Symbol file LoadedFromMemory is not a mono symbol file
Symbol file data-171DBB88 doesn't match image D:\Unity Hub Projects AI ML\ma-unity\builds\drone2D_simpleGrass\ultron_yolo-unity_Data\Managed\UnityEngine.ClusterInputModule.dll
Symbol file LoadedFromMemory is not a mono symbol file
Symbol file data-1722F528 doesn't match image D:\Unity Hub Projects AI ML\ma-unity\builds\drone2D_simpleGrass\ultron_yolo-unity_Data\Managed\UnityEngine.ClusterRendererModule.dll
Symbol file LoadedFromMemory is not a mono symbol file
Symbol file data-172B6D78 doesn't match image D:\Unity Hub Projects AI ML\ma-unity\builds\drone2D_simpleGrass\ultron_yolo-unity_Data\Managed\UnityEngine.CoreModule.dll
Symbol file LoadedFromMemory is not a mono symbol file
Symbol file data-17316D48 doesn't match image D:\Unity Hub Projects AI ML\ma-unity\builds\drone2D_simpleGrass\ultron_yolo-unity_Data\Managed\UnityEngine.CrashReportingModule.dll
Symbol file LoadedFromMemory is not a mono symbol file
Symbol file data-171E8760 doesn't match image D:\Unity Hub Projects AI ML\ma-unity\builds\drone2D_simpleGrass\ultron_yolo-unity_Data\Managed\UnityEngine.DSPGraphModule.dll
Symbol file LoadedFromMemory is not a mono symbol file
Symbol file data-171E8760 doesn't match image D:\Unity Hub Projects AI ML\ma-unity\builds\drone2D_simpleGrass\ultron_yolo-unity_Data\Managed\UnityEngine.DirectorModule.dll
Symbol file LoadedFromMemory is not a mono symbol file
Symbol file data-0F7F3898 doesn't match image D:\Unity Hub Projects AI ML\ma-unity\builds\drone2D_simpleGrass\ultron_yolo-unity_Data\Managed\UnityEngine.GIModule.dll
Symbol file LoadedFromMemory is not a mono symbol file
Symbol file data-172D21A8 doesn't match image D:\Unity Hub Projects AI ML\ma-unity\builds\drone2D_simpleGrass\ultron_yolo-unity_Data\Managed\UnityEngine.GameCenterModule.dll
Symbol file LoadedFromMemory is not a mono symbol file
Symbol file data-1731BAC8 doesn't match image D:\Unity Hub Projects AI ML\ma-unity\builds\drone2D_simpleGrass\ultron_yolo-unity_Data\Managed\UnityEngine.GridModule.dll
Symbol file LoadedFromMemory is not a mono symbol file
Symbol file data-0F7F3C80 doesn't match image D:\Unity Hub Projects AI ML\ma-unity\builds\drone2D_simpleGrass\ultron_yolo-unity_Data\Managed\UnityEngine.HotReloadModule.dll
Symbol file LoadedFromMemory is not a mono symbol file
Symbol file data-172FEDC0 doesn't match image D:\Unity Hub Projects AI ML\ma-unity\builds\drone2D_simpleGrass\ultron_yolo-unity_Data\Managed\UnityEngine.IMGUIModule.dll
Symbol file LoadedFromMemory is not a mono symbol file
Symbol file data-171E8760 doesn't match image D:\Unity Hub Projects AI ML\ma-unity\builds\drone2D_simpleGrass\ultron_yolo-unity_Data\Managed\UnityEngine.ImageConversionModule.dll
Symbol file LoadedFromMemory is not a mono symbol file
Symbol file data-171E8760 doesn't match image D:\Unity Hub Projects AI ML\ma-unity\builds\drone2D_simpleGrass\ultron_yolo-unity_Data\Managed\UnityEngine.InputModule.dll
Symbol file LoadedFromMemory is not a mono symbol file
Symbol file data-1729C838 doesn't match image D:\Unity Hub Projects AI ML\ma-unity\builds\drone2D_simpleGrass\ultron_yolo-unity_Data\Managed\UnityEngine.InputLegacyModule.dll
Symbol file LoadedFromMemory is not a mono symbol file
Symbol file data-1731BAC8 doesn't match image D:\Unity Hub Projects AI ML\ma-unity\builds\drone2D_simpleGrass\ultron_yolo-unity_Data\Managed\UnityEngine.JSONSerializeModule.dll
Symbol file LoadedFromMemory is not a mono symbol file
Symbol file data-1731BAC8 doesn't match image D:\Unity Hub Projects AI ML\ma-unity\builds\drone2D_simpleGrass\ultron_yolo-unity_Data\Managed\UnityEngine.LocalizationModule.dll
Symbol file LoadedFromMemory is not a mono symbol file
Symbol file data-1733E8D0 doesn't match image D:\Unity Hub Projects AI ML\ma-unity\builds\drone2D_simpleGrass\ultron_yolo-unity_Data\Managed\UnityEngine.ParticleSystemModule.dll
Symbol file LoadedFromMemory is not a mono symbol file
Symbol file data-170F79A0 doesn't match image D:\Unity Hub Projects AI ML\ma-unity\builds\drone2D_simpleGrass\ultron_yolo-unity_Data\Managed\UnityEngine.PerformanceReportingModule.dll
Symbol file LoadedFromMemory is not a mono symbol file
Symbol file data-17358CE0 doesn't match image D:\Unity Hub Projects AI ML\ma-unity\builds\drone2D_simpleGrass\ultron_yolo-unity_Data\Managed\UnityEngine.PhysicsModule.dll
Symbol file LoadedFromMemory is not a mono symbol file
Symbol file data-17372EE8 doesn't match image D:\Unity Hub Projects AI ML\ma-unity\builds\drone2D_simpleGrass\ultron_yolo-unity_Data\Managed\UnityEngine.Physics2DModule.dll
Symbol file LoadedFromMemory is not a mono symbol file
Symbol file data-0F7F4130 doesn't match image D:\Unity Hub Projects AI ML\ma-unity\builds\drone2D_simpleGrass\ultron_yolo-unity_Data\Managed\UnityEngine.ProfilerModule.dll
Symbol file LoadedFromMemory is not a mono symbol file
Symbol file data-0F7F4130 doesn't match image D:\Unity Hub Projects AI ML\ma-unity\builds\drone2D_simpleGrass\ultron_yolo-unity_Data\Managed\UnityEngine.RuntimeInitializeOnLoadManagerInitializerModule.dll
Symbol file LoadedFromMemory is not a mono symbol file
Symbol file data-1729DC40 doesn't match image D:\Unity Hub Projects AI ML\ma-unity\builds\drone2D_simpleGrass\ultron_yolo-unity_Data\Managed\UnityEngine.ScreenCaptureModule.dll
Symbol file LoadedFromMemory is not a mono symbol file
Symbol file data-1737EF08 doesn't match image D:\Unity Hub Projects AI ML\ma-unity\builds\drone2D_simpleGrass\ultron_yolo-unity_Data\Managed\UnityEngine.SharedInternalsModule.dll
Symbol file LoadedFromMemory is not a mono symbol file
Symbol file data-0F951F80 doesn't match image D:\Unity Hub Projects AI ML\ma-unity\builds\drone2D_simpleGrass\ultron_yolo-unity_Data\Managed\UnityEngine.SpriteMaskModule.dll
Symbol file LoadedFromMemory is not a mono symbol file
Symbol file data-171E8B68 doesn't match image D:\Unity Hub Projects AI ML\ma-unity\builds\drone2D_simpleGrass\ultron_yolo-unity_Data\Managed\UnityEngine.SpriteShapeModule.dll
Symbol file LoadedFromMemory is not a mono symbol file
Symbol file data-17248DF8 doesn't match image D:\Unity Hub Projects AI ML\ma-unity\builds\drone2D_simpleGrass\ultron_yolo-unity_Data\Managed\UnityEngine.StreamingModule.dll
Symbol file LoadedFromMemory is not a mono symbol file
Symbol file data-171E3628 doesn't match image D:\Unity Hub Projects AI ML\ma-unity\builds\drone2D_simpleGrass\ultron_yolo-unity_Data\Managed\UnityEngine.SubstanceModule.dll
Symbol file LoadedFromMemory is not a mono symbol file
Symbol file data-17392D38 doesn't match image D:\Unity Hub Projects AI ML\ma-unity\builds\drone2D_simpleGrass\ultron_yolo-unity_Data\Managed\UnityEngine.SubsystemsModule.dll
Symbol file LoadedFromMemory is not a mono symbol file
Symbol file data-0F7F4518 doesn't match image D:\Unity Hub Projects AI ML\ma-unity\builds\drone2D_simpleGrass\ultron_yolo-unity_Data\Managed\UnityEngine.TLSModule.dll
Symbol file LoadedFromMemory is not a mono symbol file
Symbol file data-17397148 doesn't match image D:\Unity Hub Projects AI ML\ma-unity\builds\drone2D_simpleGrass\ultron_yolo-unity_Data\Managed\UnityEngine.TerrainModule.dll
Symbol file LoadedFromMemory is not a mono symbol file
Symbol file data-171E8338 doesn't match image D:\Unity Hub Projects AI ML\ma-unity\builds\drone2D_simpleGrass\ultron_yolo-unity_Data\Managed\UnityEngine.TerrainPhysicsModule.dll
Symbol file LoadedFromMemory is not a mono symbol file
Symbol file data-1897C870 doesn't match image D:\Unity Hub Projects AI ML\ma-unity\builds\drone2D_simpleGrass\ultron_yolo-unity_Data\Managed\UnityEngine.TextCoreModule.dll
Symbol file LoadedFromMemory is not a mono symbol file
Symbol file data-1739B150 doesn't match image D:\Unity Hub Projects AI ML\ma-unity\builds\drone2D_simpleGrass\ultron_yolo-unity_Data\Managed\UnityEngine.TextRenderingModule.dll
Symbol file LoadedFromMemory is not a mono symbol file
Symbol file data-1898DE88 doesn't match image D:\Unity Hub Projects AI ML\ma-unity\builds\drone2D_simpleGrass\ultron_yolo-unity_Data\Managed\UnityEngine.TilemapModule.dll
Symbol file LoadedFromMemory is not a mono symbol file
Symbol file data-1739D158 doesn't match image D:\Unity Hub Projects AI ML\ma-unity\builds\drone2D_simpleGrass\ultron_yolo-unity_Data\Managed\UnityEngine.UIModule.dll
Symbol file LoadedFromMemory is not a mono symbol file
Symbol file data-1899D210 doesn't match image D:\Unity Hub Projects AI ML\ma-unity\builds\drone2D_simpleGrass\ultron_yolo-unity_Data\Managed\UnityEngine.UIElementsModule.dll
Symbol file LoadedFromMemory is not a mono symbol file
Symbol file data-189AAC20 doesn't match image D:\Unity Hub Projects AI ML\ma-unity\builds\drone2D_simpleGrass\ultron_yolo-unity_Data\Managed\UnityEngine.UIElementsNativeModule.dll
Symbol file LoadedFromMemory is not a mono symbol file
Symbol file data-189BE028 doesn't match image D:\Unity Hub Projects AI ML\ma-unity\builds\drone2D_simpleGrass\ultron_yolo-unity_Data\Managed\UnityEngine.UNETModule.dll
Symbol file LoadedFromMemory is not a mono symbol file
Symbol file data-0F7F3960 doesn't match image D:\Unity Hub Projects AI ML\ma-unity\builds\drone2D_simpleGrass\ultron_yolo-unity_Data\Managed\UnityEngine.UmbraModule.dll
Symbol file LoadedFromMemory is not a mono symbol file
Symbol file data-189C8838 doesn't match image D:\Unity Hub Projects AI ML\ma-unity\builds\drone2D_simpleGrass\ultron_yolo-unity_Data\Managed\UnityEngine.UnityAnalyticsModule.dll
Symbol file LoadedFromMemory is not a mono symbol file
Symbol file data-171E8B68 doesn't match image D:\Unity Hub Projects AI ML\ma-unity\builds\drone2D_simpleGrass\ultron_yolo-unity_Data\Managed\UnityEngine.UnityConnectModule.dll
Symbol file LoadedFromMemory is not a mono symbol file
Symbol file data-1729DC40 doesn't match image D:\Unity Hub Projects AI ML\ma-unity\builds\drone2D_simpleGrass\ultron_yolo-unity_Data\Managed\UnityEngine.UnityCurlModule.dll
Symbol file LoadedFromMemory is not a mono symbol file
Symbol file data-0F7F3C80 doesn't match image D:\Unity Hub Projects AI ML\ma-unity\builds\drone2D_simpleGrass\ultron_yolo-unity_Data\Managed\UnityEngine.UnityTestProtocolModule.dll
Symbol file LoadedFromMemory is not a mono symbol file
Symbol file data-189E5668 doesn't match image D:\Unity Hub Projects AI ML\ma-unity\builds\drone2D_simpleGrass\ultron_yolo-unity_Data\Managed\UnityEngine.UnityWebRequestModule.dll
Symbol file LoadedFromMemory is not a mono symbol file
Symbol file data-171E8B68 doesn't match image D:\Unity Hub Projects AI ML\ma-unity\builds\drone2D_simpleGrass\ultron_yolo-unity_Data\Managed\UnityEngine.UnityWebRequestAssetBundleModule.dll
Symbol file LoadedFromMemory is not a mono symbol file
Symbol file data-171E8B68 doesn't match image D:\Unity Hub Projects AI ML\ma-unity\builds\drone2D_simpleGrass\ultron_yolo-unity_Data\Managed\UnityEngine.UnityWebRequestAudioModule.dll
Symbol file LoadedFromMemory is not a mono symbol file
Symbol file data-171E3E30 doesn't match image D:\Unity Hub Projects AI ML\ma-unity\builds\drone2D_simpleGrass\ultron_yolo-unity_Data\Managed\UnityEngine.UnityWebRequestTextureModule.dll
Symbol file LoadedFromMemory is not a mono symbol file
Symbol file data-189F5090 doesn't match image D:\Unity Hub Projects AI ML\ma-unity\builds\drone2D_simpleGrass\ultron_yolo-unity_Data\Managed\UnityEngine.UnityWebRequestWWWModule.dll
Symbol file LoadedFromMemory is not a mono symbol file
Symbol file data-18A012A0 doesn't match image D:\Unity Hub Projects AI ML\ma-unity\builds\drone2D_simpleGrass\ultron_yolo-unity_Data\Managed\UnityEngine.VFXModule.dll
Symbol file LoadedFromMemory is not a mono symbol file
Symbol file data-171E3E30 doesn't match image D:\Unity Hub Projects AI ML\ma-unity\builds\drone2D_simpleGrass\ultron_yolo-unity_Data\Managed\UnityEngine.VRModule.dll
Symbol file LoadedFromMemory is not a mono symbol file
Symbol file data-171E3E30 doesn't match image D:\Unity Hub Projects AI ML\ma-unity\builds\drone2D_simpleGrass\ultron_yolo-unity_Data\Managed\UnityEngine.VehiclesModule.dll
Symbol file LoadedFromMemory is not a mono symbol file
Symbol file data-18A0F6B8 doesn't match image D:\Unity Hub Projects AI ML\ma-unity\builds\drone2D_simpleGrass\ultron_yolo-unity_Data\Managed\UnityEngine.VideoModule.dll
Symbol file LoadedFromMemory is not a mono symbol file
Symbol file data-18A152C0 doesn't match image D:\Unity Hub Projects AI ML\ma-unity\builds\drone2D_simpleGrass\ultron_yolo-unity_Data\Managed\UnityEngine.VirtualTexturingModule.dll
Symbol file LoadedFromMemory is not a mono symbol file
Symbol file data-17248DF8 doesn't match image D:\Unity Hub Projects AI ML\ma-unity\builds\drone2D_simpleGrass\ultron_yolo-unity_Data\Managed\UnityEngine.WindModule.dll
Symbol file LoadedFromMemory is not a mono symbol file
Symbol file data-18A254D0 doesn't match image D:\Unity Hub Projects AI ML\ma-unity\builds\drone2D_simpleGrass\ultron_yolo-unity_Data\Managed\UnityEngine.XRModule.dll
Symbol file LoadedFromMemory is not a mono symbol file
- Completed reload, in  0.096 seconds
D3D11 device created for Microsoft Media Foundation video decoding.
<RI> Initializing input.
<RI> Input initialized.
<RI> Initialized touch support.
UnloadTime: 73.302900 ms
Fallback handler could not load library D:/Unity Hub Projects AI ML/ma-unity/builds/drone2D_simpleGrass/ultron_yolo-unity_Data/Mono/libcoreclr.so
Fallback handler could not load library D:/Unity Hub Projects AI ML/ma-unity/builds/drone2D_simpleGrass/ultron_yolo-unity_Data/Mono/libcoreclr.so.dll
Fallback handler could not load library D:/Unity Hub Projects AI ML/ma-unity/builds/drone2D_simpleGrass/ultron_yolo-unity_Data/Mono/libcoreclr.so
Fallback handler could not load library D:/Unity Hub Projects AI ML/ma-unity/builds/drone2D_simpleGrass/ultron_yolo-unity_Data/Mono/libdl.so
Fallback handler could not load library D:/Unity Hub Projects AI ML/ma-unity/builds/drone2D_simpleGrass/ultron_yolo-unity_Data/Mono/libdl.so.dll
Fallback handler could not load library D:/Unity Hub Projects AI ML/ma-unity/builds/drone2D_simpleGrass/ultron_yolo-unity_Data/Mono/libdl.so
Fallback handler could not load library D:/Unity Hub Projects AI ML/ma-unity/builds/drone2D_simpleGrass/ultron_yolo-unity_Data/Mono/libSystem.dylib
Fallback handler could not load library D:/Unity Hub Projects AI ML/ma-unity/builds/drone2D_simpleGrass/ultron_yolo-unity_Data/Mono/libSystem.dylib.dll
Fallback handler could not load library D:/Unity Hub Projects AI ML/ma-unity/builds/drone2D_simpleGrass/ultron_yolo-unity_Data/Mono/libSystem.dylib
Fallback handler could not load library D:/Unity Hub Projects AI ML/ma-unity/builds/drone2D_simpleGrass/ultron_yolo-unity_Data/Mono/libcoreclr.so
Fallback handler could not load library D:/Unity Hub Projects AI ML/ma-unity/builds/drone2D_simpleGrass/ultron_yolo-unity_Data/Mono/libcoreclr.so.dll
Fallback handler could not load library D:/Unity Hub Projects AI ML/ma-unity/builds/drone2D_simpleGrass/ultron_yolo-unity_Data/Mono/libcoreclr.so
Fallback handler could not load library D:/Unity Hub Projects AI ML/ma-unity/builds/drone2D_simpleGrass/ultron_yolo-unity_Data/Mono/libdl.so
Fallback handler could not load library D:/Unity Hub Projects AI ML/ma-unity/builds/drone2D_simpleGrass/ultron_yolo-unity_Data/Mono/libdl.so.dll
Fallback handler could not load library D:/Unity Hub Projects AI ML/ma-unity/builds/drone2D_simpleGrass/ultron_yolo-unity_Data/Mono/libdl.so
Fallback handler could not load library D:/Unity Hub Projects AI ML/ma-unity/builds/drone2D_simpleGrass/ultron_yolo-unity_Data/Mono/libSystem.dylib
Fallback handler could not load library D:/Unity Hub Projects AI ML/ma-unity/builds/drone2D_simpleGrass/ultron_yolo-unity_Data/Mono/libSystem.dylib.dll
Fallback handler could not load library D:/Unity Hub Projects AI ML/ma-unity/builds/drone2D_simpleGrass/ultron_yolo-unity_Data/Mono/libSystem.dylib
hit the wall!
UnityEngine.StackTraceUtility:ExtractStackTrace ()
UnityEngine.DebugLogHandler:LogFormat (UnityEngine.LogType,UnityEngine.Object,string,object[])
UnityEngine.Logger:Log (UnityEngine.LogType,object)
UnityEngine.Debug:Log (object)
DroneAgent:OnCollisionEnter (UnityEngine.Collision) (at D:/Unity Hub Projects AI ML/ma-unity/ultron_yolo-unity/Assets/Scripts/DroneAgent.cs:195)

(Filename: D:/Unity Hub Projects AI ML/ma-unity/ultron_yolo-unity/Assets/Scripts/DroneAgent.cs Line: 195)

hit the wall!
UnityEngine.StackTraceUtility:ExtractStackTrace ()
UnityEngine.DebugLogHandler:LogFormat (UnityEngine.LogType,UnityEngine.Object,string,object[])
UnityEngine.Logger:Log (UnityEngine.LogType,object)
UnityEngine.Debug:Log (object)
DroneAgent:OnCollisionEnter (UnityEngine.Collision) (at D:/Unity Hub Projects AI ML/ma-unity/ultron_yolo-unity/Assets/Scripts/DroneAgent.cs:195)

(Filename: D:/Unity Hub Projects AI ML/ma-unity/ultron_yolo-unity/Assets/Scripts/DroneAgent.cs Line: 195)

hit the wall!
UnityEngine.StackTraceUtility:ExtractStackTrace ()
UnityEngine.DebugLogHandler:LogFormat (UnityEngine.LogType,UnityEngine.Object,string,object[])
UnityEngine.Logger:Log (UnityEngine.LogType,object)
UnityEngine.Debug:Log (object)
DroneAgent:OnCollisionEnter (UnityEngine.Collision) (at D:/Unity Hub Projects AI ML/ma-unity/ultron_yolo-unity/Assets/Scripts/DroneAgent.cs:195)

(Filename: D:/Unity Hub Projects AI ML/ma-unity/ultron_yolo-unity/Assets/Scripts/DroneAgent.cs Line: 195)

hit the wall!
UnityEngine.StackTraceUtility:ExtractStackTrace ()
UnityEngine.DebugLogHandler:LogFormat (UnityEngine.LogType,UnityEngine.Object,string,object[])
UnityEngine.Logger:Log (UnityEngine.LogType,object)
UnityEngine.Debug:Log (object)
DroneAgent:OnCollisionEnter (UnityEngine.Collision) (at D:/Unity Hub Projects AI ML/ma-unity/ultron_yolo-unity/Assets/Scripts/DroneAgent.cs:195)

(Filename: D:/Unity Hub Projects AI ML/ma-unity/ultron_yolo-unity/Assets/Scripts/DroneAgent.cs Line: 195)

hit the wall!
UnityEngine.StackTraceUtility:ExtractStackTrace ()
UnityEngine.DebugLogHandler:LogFormat (UnityEngine.LogType,UnityEngine.Object,string,object[])
UnityEngine.Logger:Log (UnityEngine.LogType,object)
UnityEngine.Debug:Log (object)
DroneAgent:OnCollisionEnter (UnityEngine.Collision) (at D:/Unity Hub Projects AI ML/ma-unity/ultron_yolo-unity/Assets/Scripts/DroneAgent.cs:195)

(Filename: D:/Unity Hub Projects AI ML/ma-unity/ultron_yolo-unity/Assets/Scripts/DroneAgent.cs Line: 195)

Trying to collect..
UnityEngine.StackTraceUtility:ExtractStackTrace ()
UnityEngine.DebugLogHandler:LogFormat (UnityEngine.LogType,UnityEngine.Object,string,object[])
UnityEngine.Logger:Log (UnityEngine.LogType,object)
UnityEngine.Debug:Log (object)
UnityEngine.MonoBehaviour:print (object)
DroneAgent:Update () (at D:/Unity Hub Projects AI ML/ma-unity/ultron_yolo-unity/Assets/Scripts/DroneAgent.cs:228)

(Filename: D:/Unity Hub Projects AI ML/ma-unity/ultron_yolo-unity/Assets/Scripts/DroneAgent.cs Line: 228)

collected !
UnityEngine.StackTraceUtility:ExtractStackTrace ()
UnityEngine.DebugLogHandler:LogFormat (UnityEngine.LogType,UnityEngine.Object,string,object[])
UnityEngine.Logger:Log (UnityEngine.LogType,object)
UnityEngine.Debug:Log (object)
UnityEngine.MonoBehaviour:print (object)
DroneAgent:Update () (at D:/Unity Hub Projects AI ML/ma-unity/ultron_yolo-unity/Assets/Scripts/DroneAgent.cs:232)

(Filename: D:/Unity Hub Projects AI ML/ma-unity/ultron_yolo-unity/Assets/Scripts/DroneAgent.cs Line: 232)

Trying to collect..
UnityEngine.StackTraceUtility:ExtractStackTrace ()
UnityEngine.DebugLogHandler:LogFormat (UnityEngine.LogType,UnityEngine.Object,string,object[])
UnityEngine.Logger:Log (UnityEngine.LogType,object)
UnityEngine.Debug:Log (object)
UnityEngine.MonoBehaviour:print (object)
DroneAgent:Update () (at D:/Unity Hub Projects AI ML/ma-unity/ultron_yolo-unity/Assets/Scripts/DroneAgent.cs:228)

(Filename: D:/Unity Hub Projects AI ML/ma-unity/ultron_yolo-unity/Assets/Scripts/DroneAgent.cs Line: 228)

hit the wall!
UnityEngine.StackTraceUtility:ExtractStackTrace ()
UnityEngine.DebugLogHandler:LogFormat (UnityEngine.LogType,UnityEngine.Object,string,object[])
UnityEngine.Logger:Log (UnityEngine.LogType,object)
UnityEngine.Debug:Log (object)
DroneAgent:OnCollisionEnter (UnityEngine.Collision) (at D:/Unity Hub Projects AI ML/ma-unity/ultron_yolo-unity/Assets/Scripts/DroneAgent.cs:195)

(Filename: D:/Unity Hub Projects AI ML/ma-unity/ultron_yolo-unity/Assets/Scripts/DroneAgent.cs Line: 195)

Trying to collect..
UnityEngine.StackTraceUtility:ExtractStackTrace ()
UnityEngine.DebugLogHandler:LogFormat (UnityEngine.LogType,UnityEngine.Object,string,object[])
UnityEngine.Logger:Log (UnityEngine.LogType,object)
UnityEngine.Debug:Log (object)
UnityEngine.MonoBehaviour:print (object)
DroneAgent:Update () (at D:/Unity Hub Projects AI ML/ma-unity/ultron_yolo-unity/Assets/Scripts/DroneAgent.cs:228)

(Filename: D:/Unity Hub Projects AI ML/ma-unity/ultron_yolo-unity/Assets/Scripts/DroneAgent.cs Line: 228)

collected !
UnityEngine.StackTraceUtility:ExtractStackTrace ()
UnityEngine.DebugLogHandler:LogFormat (UnityEngine.LogType,UnityEngine.Object,string,object[])
UnityEngine.Logger:Log (UnityEngine.LogType,object)
UnityEngine.Debug:Log (object)
UnityEngine.MonoBehaviour:print (object)
DroneAgent:Update () (at D:/Unity Hub Projects AI ML/ma-unity/ultron_yolo-unity/Assets/Scripts/DroneAgent.cs:232)

(Filename: D:/Unity Hub Projects AI ML/ma-unity/ultron_yolo-unity/Assets/Scripts/DroneAgent.cs Line: 232)

hit the wall!
UnityEngine.StackTraceUtility:ExtractStackTrace ()
UnityEngine.DebugLogHandler:LogFormat (UnityEngine.LogType,UnityEngine.Object,string,object[])
UnityEngine.Logger:Log (UnityEngine.LogType,object)
UnityEngine.Debug:Log (object)
DroneAgent:OnCollisionEnter (UnityEngine.Collision) (at D:/Unity Hub Projects AI ML/ma-unity/ultron_yolo-unity/Assets/Scripts/DroneAgent.cs:195)

(Filename: D:/Unity Hub Projects AI ML/ma-unity/ultron_yolo-unity/Assets/Scripts/DroneAgent.cs Line: 195)

Trying to collect..
UnityEngine.StackTraceUtility:ExtractStackTrace ()
UnityEngine.DebugLogHandler:LogFormat (UnityEngine.LogType,UnityEngine.Object,string,object[])
UnityEngine.Logger:Log (UnityEngine.LogType,object)
UnityEngine.Debug:Log (object)
UnityEngine.MonoBehaviour:print (object)
DroneAgent:Update () (at D:/Unity Hub Projects AI ML/ma-unity/ultron_yolo-unity/Assets/Scripts/DroneAgent.cs:228)

(Filename: D:/Unity Hub Projects AI ML/ma-unity/ultron_yolo-unity/Assets/Scripts/DroneAgent.cs Line: 228)

collected !
UnityEngine.StackTraceUtility:ExtractStackTrace ()
UnityEngine.DebugLogHandler:LogFormat (UnityEngine.LogType,UnityEngine.Object,string,object[])
UnityEngine.Logger:Log (UnityEngine.LogType,object)
UnityEngine.Debug:Log (object)
UnityEngine.MonoBehaviour:print (object)
DroneAgent:Update () (at D:/Unity Hub Projects AI ML/ma-unity/ultron_yolo-unity/Assets/Scripts/DroneAgent.cs:232)

(Filename: D:/Unity Hub Projects AI ML/ma-unity/ultron_yolo-unity/Assets/Scripts/DroneAgent.cs Line: 232)

Trying to collect..
UnityEngine.StackTraceUtility:ExtractStackTrace ()
UnityEngine.DebugLogHandler:LogFormat (UnityEngine.LogType,UnityEngine.Object,string,object[])
UnityEngine.Logger:Log (UnityEngine.LogType,object)
UnityEngine.Debug:Log (object)
UnityEngine.MonoBehaviour:print (object)
DroneAgent:Update () (at D:/Unity Hub Projects AI ML/ma-unity/ultron_yolo-unity/Assets/Scripts/DroneAgent.cs:228)

(Filename: D:/Unity Hub Projects AI ML/ma-unity/ultron_yolo-unity/Assets/Scripts/DroneAgent.cs Line: 228)

collected !
UnityEngine.StackTraceUtility:ExtractStackTrace ()
UnityEngine.DebugLogHandler:LogFormat (UnityEngine.LogType,UnityEngine.Object,string,object[])
UnityEngine.Logger:Log (UnityEngine.LogType,object)
UnityEngine.Debug:Log (object)
UnityEngine.MonoBehaviour:print (object)
DroneAgent:Update () (at D:/Unity Hub Projects AI ML/ma-unity/ultron_yolo-unity/Assets/Scripts/DroneAgent.cs:232)

(Filename: D:/Unity Hub Projects AI ML/ma-unity/ultron_yolo-unity/Assets/Scripts/DroneAgent.cs Line: 232)

Trying to collect..
UnityEngine.StackTraceUtility:ExtractStackTrace ()
UnityEngine.DebugLogHandler:LogFormat (UnityEngine.LogType,UnityEngine.Object,string,object[])
UnityEngine.Logger:Log (UnityEngine.LogType,object)
UnityEngine.Debug:Log (object)
UnityEngine.MonoBehaviour:print (object)
DroneAgent:Update () (at D:/Unity Hub Projects AI ML/ma-unity/ultron_yolo-unity/Assets/Scripts/DroneAgent.cs:228)

(Filename: D:/Unity Hub Projects AI ML/ma-unity/ultron_yolo-unity/Assets/Scripts/DroneAgent.cs Line: 228)

collected !
UnityEngine.StackTraceUtility:ExtractStackTrace ()
UnityEngine.DebugLogHandler:LogFormat (UnityEngine.LogType,UnityEngine.Object,string,object[])
UnityEngine.Logger:Log (UnityEngine.LogType,object)
UnityEngine.Debug:Log (object)
UnityEngine.MonoBehaviour:print (object)
DroneAgent:Update () (at D:/Unity Hub Projects AI ML/ma-unity/ultron_yolo-unity/Assets/Scripts/DroneAgent.cs:232)

(Filename: D:/Unity Hub Projects AI ML/ma-unity/ultron_yolo-unity/Assets/Scripts/DroneAgent.cs Line: 232)

Unable to save timers to file D:/Unity Hub Projects AI ML/ma-unity/builds/drone2D_simpleGrass/ultron_yolo-unity_Data\ML-Agents\Timers\HeuristicDrone_timers.json
UnityEngine.StackTraceUtility:ExtractStackTrace ()
UnityEngine.DebugLogHandler:LogFormat (UnityEngine.LogType,UnityEngine.Object,string,object[])
UnityEngine.Logger:Log (UnityEngine.LogType,object)
UnityEngine.Debug:LogWarning (object)
Unity.MLAgents.TimerStack:SaveJsonTimers (string) (at D:/Unity Hub Projects AI ML/ml-agents-release_17/com.unity.ml-agents/Runtime/Timer.cs:483)
Unity.MLAgents.Academy:Dispose () (at D:/Unity Hub Projects AI ML/ml-agents-release_17/com.unity.ml-agents/Runtime/Academy.cs:659)
UnityEngine.Application:Internal_ApplicationQuit ()

(Filename: D:/Unity Hub Projects AI ML/ml-agents-release_17/com.unity.ml-agents/Runtime/Timer.cs Line: 483)

Setting up 6 worker threads for Enlighten.
  Thread -> id: 5d04 -> priority: 1 
  Thread -> id: 9854 -> priority: 1 
  Thread -> id: 99b4 -> priority: 1 
  Thread -> id: 7bc4 -> priority: 1 
  Thread -> id: 8e00 -> priority: 1 
  Thread -> id: 498c -> priority: 1 
PlayerConnection::Cleanup##utp:{"type":"MemoryLeaks","version":2,"phase":"Immediate","time":1624457490958,"processId":11344,"allocatedMemory":201333,"memoryLabels":[{"Permanent":24},{"NewDelete":128},{"Thread":100},{"Manager":1632},{"Geometry":4294966252},{"GfxDevice":196720},{"Serialization":1348},{"WebCam":12},{"String":649},{"HashMap":768},{"PoolAlloc":32},{"GI":184},{"VR":780}]}

